<?xml version="1.0" encoding="UTF-8"?>
<testng-results skipped="5" failed="4" ignored="6" total="49" passed="34">
  <reporter-output>
  </reporter-output>
  <suite name="Regression" duration-ms="452673" started-at="2023-06-21T16:50:58 CDT" finished-at="2023-06-21T16:58:31 CDT">
    <groups>
    </groups>
    <test name="All Functionalities" duration-ms="452673" started-at="2023-06-21T16:50:58 CDT" finished-at="2023-06-21T16:58:31 CDT">
      <class name="scripts._03_5_TGLogoTest">
        <test-method status="PASS" signature="setUp()[pri:0, instance:scripts._03_5_TGLogoTest@dc24521]" name="setUp" is-config="true" duration-ms="3983" started-at="2023-06-21T16:55:10 CDT" finished-at="2023-06-21T16:55:14 CDT">
          <reporter-output>
          </reporter-output>
        </test-method> <!-- setUp -->
        <test-method status="PASS" signature="validateTechGlobalLogo()[pri:0, instance:scripts._03_5_TGLogoTest@dc24521]" name="validateTechGlobalLogo" duration-ms="196" started-at="2023-06-21T16:55:14 CDT" finished-at="2023-06-21T16:55:14 CDT">
          <reporter-output>
          </reporter-output>
        </test-method> <!-- validateTechGlobalLogo -->
        <test-method status="PASS" signature="tearDown()[pri:0, instance:scripts._03_5_TGLogoTest@dc24521]" name="tearDown" is-config="true" duration-ms="865" started-at="2023-06-21T16:55:14 CDT" finished-at="2023-06-21T16:55:15 CDT">
          <reporter-output>
          </reporter-output>
        </test-method> <!-- tearDown -->
      </class> <!-- scripts._03_5_TGLogoTest -->
      <class name="scripts._16_TGFileDownload">
        <test-method status="PASS" signature="setUp()[pri:0, instance:scripts._16_TGFileDownload@21213b92]" name="setUp" is-config="true" duration-ms="3800" started-at="2023-06-21T16:56:54 CDT" finished-at="2023-06-21T16:56:57 CDT">
          <reporter-output>
          </reporter-output>
        </test-method> <!-- setUp -->
        <test-method status="PASS" signature="setPage()[pri:0, instance:scripts._16_TGFileDownload@21213b92]" name="setPage" is-config="true" duration-ms="1260" started-at="2023-06-21T16:56:57 CDT" finished-at="2023-06-21T16:56:59 CDT">
          <reporter-output>
          </reporter-output>
        </test-method> <!-- setPage -->
        <test-method status="PASS" signature="validateFileDownload()[pri:0, instance:scripts._16_TGFileDownload@21213b92]" name="validateFileDownload" duration-ms="94" started-at="2023-06-21T16:56:59 CDT" finished-at="2023-06-21T16:56:59 CDT">
          <reporter-output>
          </reporter-output>
        </test-method> <!-- validateFileDownload -->
        <test-method status="PASS" signature="tearDown()[pri:0, instance:scripts._16_TGFileDownload@21213b92]" name="tearDown" is-config="true" duration-ms="772" started-at="2023-06-21T16:56:59 CDT" finished-at="2023-06-21T16:57:00 CDT">
          <reporter-output>
          </reporter-output>
        </test-method> <!-- tearDown -->
      </class> <!-- scripts._16_TGFileDownload -->
      <class name="scripts._08_TGWaitsTest">
        <test-method status="PASS" signature="setUp()[pri:0, instance:scripts._08_TGWaitsTest@1e127982]" name="setUp" is-config="true" duration-ms="3374" started-at="2023-06-21T16:51:20 CDT" finished-at="2023-06-21T16:51:23 CDT">
          <reporter-output>
          </reporter-output>
        </test-method> <!-- setUp -->
        <test-method status="PASS" signature="setPage()[pri:0, instance:scripts._08_TGWaitsTest@1e127982]" name="setPage" is-config="true" duration-ms="837" started-at="2023-06-21T16:51:23 CDT" finished-at="2023-06-21T16:51:24 CDT">
          <reporter-output>
          </reporter-output>
        </test-method> <!-- setPage -->
        <test-method status="FAIL" signature="validateWaitBlueBox()[pri:0, instance:scripts._08_TGWaitsTest@1e127982]" name="validateWaitBlueBox" duration-ms="30136" started-at="2023-06-21T16:51:24 CDT" finished-at="2023-06-21T16:51:54 CDT">
          <exception class="org.openqa.selenium.NoSuchElementException">
            <message>
              <![CDATA[no such element: Unable to locate element: {"method":"css selector","selector":"button[class$='box']"}
  (Session info: chrome=114.0.5735.134)
For documentation on this error, please visit: https://www.seleniumhq.org/exceptions/no_such_element.html
Build info: version: '3.141.59', revision: 'e82be7d358', time: '2018-11-14T08:17:03'
System info: host: 'STP-R90Z23DY', ip: '192.168.1.11', os.name: 'Windows 10', os.arch: 'amd64', os.version: '10.0', java.version: '1.8.0_341'
Driver info: org.openqa.selenium.chrome.ChromeDriver
Capabilities {acceptInsecureCerts: false, browserName: chrome, browserVersion: 114.0.5735.134, chrome: {chromedriverVersion: 114.0.5735.90 (386bc09e8f4f..., userDataDir: C:\Users\STP\AppData\Local\...}, goog:chromeOptions: {debuggerAddress: localhost:63516}, javascriptEnabled: true, networkConnectionEnabled: false, pageLoadStrategy: normal, platform: WINDOWS, platformName: WINDOWS, proxy: Proxy(), setWindowRect: true, strictFileInteractability: false, timeouts: {implicit: 0, pageLoad: 300000, script: 30000}, unhandledPromptBehavior: dismiss and notify, webauthn:extension:credBlob: true, webauthn:extension:largeBlob: true, webauthn:extension:minPinLength: true, webauthn:extension:prf: true, webauthn:virtualAuthenticators: true}
Session ID: c676199b5d732c31479a3548d7e5bfde
*** Element info: {Using=css selector, value=button[class$='box']}]]>
            </message>
            <full-stacktrace>
              <![CDATA[org.openqa.selenium.NoSuchElementException: no such element: Unable to locate element: {"method":"css selector","selector":"button[class$='box']"}
  (Session info: chrome=114.0.5735.134)
For documentation on this error, please visit: https://www.seleniumhq.org/exceptions/no_such_element.html
Build info: version: '3.141.59', revision: 'e82be7d358', time: '2018-11-14T08:17:03'
System info: host: 'STP-R90Z23DY', ip: '192.168.1.11', os.name: 'Windows 10', os.arch: 'amd64', os.version: '10.0', java.version: '1.8.0_341'
Driver info: org.openqa.selenium.chrome.ChromeDriver
Capabilities {acceptInsecureCerts: false, browserName: chrome, browserVersion: 114.0.5735.134, chrome: {chromedriverVersion: 114.0.5735.90 (386bc09e8f4f..., userDataDir: C:\Users\STP\AppData\Local\...}, goog:chromeOptions: {debuggerAddress: localhost:63516}, javascriptEnabled: true, networkConnectionEnabled: false, pageLoadStrategy: normal, platform: WINDOWS, platformName: WINDOWS, proxy: Proxy(), setWindowRect: true, strictFileInteractability: false, timeouts: {implicit: 0, pageLoad: 300000, script: 30000}, unhandledPromptBehavior: dismiss and notify, webauthn:extension:credBlob: true, webauthn:extension:largeBlob: true, webauthn:extension:minPinLength: true, webauthn:extension:prf: true, webauthn:virtualAuthenticators: true}
Session ID: c676199b5d732c31479a3548d7e5bfde
*** Element info: {Using=css selector, value=button[class$='box']}
at sun.reflect.NativeConstructorAccessorImpl.newInstance0(Native Method)
at sun.reflect.NativeConstructorAccessorImpl.newInstance(NativeConstructorAccessorImpl.java:62)
at sun.reflect.DelegatingConstructorAccessorImpl.newInstance(DelegatingConstructorAccessorImpl.java:45)
at java.lang.reflect.Constructor.newInstance(Constructor.java:423)
at org.openqa.selenium.remote.http.W3CHttpResponseCodec.createException(W3CHttpResponseCodec.java:187)
at org.openqa.selenium.remote.http.W3CHttpResponseCodec.decode(W3CHttpResponseCodec.java:122)
at org.openqa.selenium.remote.http.W3CHttpResponseCodec.decode(W3CHttpResponseCodec.java:49)
at org.openqa.selenium.remote.HttpCommandExecutor.execute(HttpCommandExecutor.java:158)
at org.openqa.selenium.remote.service.DriverCommandExecutor.execute(DriverCommandExecutor.java:83)
at org.openqa.selenium.remote.RemoteWebDriver.execute(RemoteWebDriver.java:552)
at org.openqa.selenium.remote.RemoteWebDriver.findElement(RemoteWebDriver.java:323)
at org.openqa.selenium.remote.RemoteWebDriver.findElementByCssSelector(RemoteWebDriver.java:420)
at org.openqa.selenium.By$ByCssSelector.findElement(By.java:431)
at org.openqa.selenium.remote.RemoteWebDriver.findElement(RemoteWebDriver.java:315)
at scripts._08_TGWaitsTest.validateWaitBlueBox(_08_TGWaitsTest.java:42)
at sun.reflect.NativeMethodAccessorImpl.invoke0(Native Method)
at sun.reflect.NativeMethodAccessorImpl.invoke(NativeMethodAccessorImpl.java:62)
at sun.reflect.DelegatingMethodAccessorImpl.invoke(DelegatingMethodAccessorImpl.java:43)
at java.lang.reflect.Method.invoke(Method.java:498)
at org.testng.internal.MethodInvocationHelper.invokeMethod(MethodInvocationHelper.java:134)
at org.testng.internal.TestInvoker.invokeMethod(TestInvoker.java:597)
at org.testng.internal.TestInvoker.invokeTestMethod(TestInvoker.java:173)
at org.testng.internal.MethodRunner.runInSequence(MethodRunner.java:46)
at org.testng.internal.TestInvoker$MethodInvocationAgent.invoke(TestInvoker.java:816)
at org.testng.internal.TestInvoker.invokeTestMethods(TestInvoker.java:146)
at org.testng.internal.TestMethodWorker.invokeTestMethods(TestMethodWorker.java:146)
at org.testng.internal.TestMethodWorker.run(TestMethodWorker.java:128)
at java.util.ArrayList.forEach(ArrayList.java:1259)
at org.testng.TestRunner.privateRun(TestRunner.java:766)
at org.testng.TestRunner.run(TestRunner.java:587)
at org.testng.SuiteRunner.runTest(SuiteRunner.java:384)
at org.testng.SuiteRunner.runSequentially(SuiteRunner.java:378)
at org.testng.SuiteRunner.privateRun(SuiteRunner.java:337)
at org.testng.SuiteRunner.run(SuiteRunner.java:286)
at org.testng.SuiteRunnerWorker.runSuite(SuiteRunnerWorker.java:53)
at org.testng.SuiteRunnerWorker.run(SuiteRunnerWorker.java:96)
at org.testng.TestNG.runSuitesSequentially(TestNG.java:1187)
at org.testng.TestNG.runSuitesLocally(TestNG.java:1109)
at org.testng.TestNG.runSuites(TestNG.java:1039)
at org.testng.TestNG.run(TestNG.java:1007)
at org.apache.maven.surefire.testng.TestNGExecutor.run(TestNGExecutor.java:281)
at org.apache.maven.surefire.testng.TestNGXmlTestSuite.execute(TestNGXmlTestSuite.java:75)
at org.apache.maven.surefire.testng.TestNGProvider.invoke(TestNGProvider.java:121)
at org.apache.maven.surefire.booter.ForkedBooter.invokeProviderInSameClassLoader(ForkedBooter.java:290)
at org.apache.maven.surefire.booter.ForkedBooter.runSuitesInProcess(ForkedBooter.java:242)
at org.apache.maven.surefire.booter.ForkedBooter.main(ForkedBooter.java:121)
]]>
            </full-stacktrace>
          </exception> <!-- org.openqa.selenium.NoSuchElementException -->
          <reporter-output>
          </reporter-output>
        </test-method> <!-- validateWaitBlueBox -->
        <test-method status="PASS" signature="tearDown()[pri:0, instance:scripts._08_TGWaitsTest@1e127982]" name="tearDown" is-config="true" duration-ms="666" started-at="2023-06-21T16:51:54 CDT" finished-at="2023-06-21T16:51:55 CDT">
          <reporter-output>
          </reporter-output>
        </test-method> <!-- tearDown -->
        <test-method status="PASS" signature="setUp()[pri:0, instance:scripts._08_TGWaitsTest@1e127982]" name="setUp" is-config="true" duration-ms="4227" started-at="2023-06-21T16:51:55 CDT" finished-at="2023-06-21T16:51:59 CDT">
          <reporter-output>
          </reporter-output>
        </test-method> <!-- setUp -->
        <test-method status="PASS" signature="setPage()[pri:0, instance:scripts._08_TGWaitsTest@1e127982]" name="setPage" is-config="true" duration-ms="1425" started-at="2023-06-21T16:51:59 CDT" finished-at="2023-06-21T16:52:01 CDT">
          <reporter-output>
          </reporter-output>
        </test-method> <!-- setPage -->
        <test-method status="PASS" signature="validateWaitRedBox()[pri:0, instance:scripts._08_TGWaitsTest@1e127982]" name="validateWaitRedBox" duration-ms="10211" started-at="2023-06-21T16:52:01 CDT" finished-at="2023-06-21T16:52:11 CDT">
          <reporter-output>
          </reporter-output>
        </test-method> <!-- validateWaitRedBox -->
        <test-method status="PASS" signature="tearDown()[pri:0, instance:scripts._08_TGWaitsTest@1e127982]" name="tearDown" is-config="true" duration-ms="866" started-at="2023-06-21T16:52:11 CDT" finished-at="2023-06-21T16:52:12 CDT">
          <reporter-output>
          </reporter-output>
        </test-method> <!-- tearDown -->
      </class> <!-- scripts._08_TGWaitsTest -->
      <class name="scripts._13_IFrameTest">
        <test-method status="PASS" signature="setUp()[pri:0, instance:scripts._13_IFrameTest@544fe44c]" name="setUp" is-config="true" duration-ms="5032" started-at="2023-06-21T16:53:37 CDT" finished-at="2023-06-21T16:53:42 CDT">
          <reporter-output>
          </reporter-output>
        </test-method> <!-- setUp -->
        <test-method status="PASS" signature="setPage()[pri:0, instance:scripts._13_IFrameTest@544fe44c]" name="setPage" is-config="true" duration-ms="1133" started-at="2023-06-21T16:53:42 CDT" finished-at="2023-06-21T16:53:44 CDT">
          <reporter-output>
          </reporter-output>
        </test-method> <!-- setPage -->
        <test-method status="PASS" signature="validateTheParagraph()[pri:1, instance:scripts._13_IFrameTest@544fe44c]" name="validateTheParagraph" duration-ms="344" started-at="2023-06-21T16:53:44 CDT" description="TC123: Validate the IFrame Page content paragraph" finished-at="2023-06-21T16:53:44 CDT">
          <reporter-output>
          </reporter-output>
        </test-method> <!-- validateTheParagraph -->
        <test-method status="PASS" signature="tearDown()[pri:0, instance:scripts._13_IFrameTest@544fe44c]" name="tearDown" is-config="true" duration-ms="782" started-at="2023-06-21T16:53:44 CDT" finished-at="2023-06-21T16:53:45 CDT">
          <reporter-output>
          </reporter-output>
        </test-method> <!-- tearDown -->
        <test-method status="PASS" signature="setUp()[pri:0, instance:scripts._13_IFrameTest@544fe44c]" name="setUp" is-config="true" duration-ms="960" started-at="2023-06-21T16:55:19 CDT" finished-at="2023-06-21T16:55:20 CDT">
          <reporter-output>
          </reporter-output>
        </test-method> <!-- setUp -->
        <test-method status="PASS" signature="setPage()[pri:0, instance:scripts._13_IFrameTest@544fe44c]" name="setPage" is-config="true" duration-ms="715" started-at="2023-06-21T16:55:20 CDT" finished-at="2023-06-21T16:55:21 CDT">
          <reporter-output>
          </reporter-output>
        </test-method> <!-- setPage -->
        <test-method status="PASS" signature="validateTheFormSubmission()[pri:2, instance:scripts._13_IFrameTest@544fe44c]" name="validateTheFormSubmission" duration-ms="535" started-at="2023-06-21T16:55:21 CDT" description="TC345 Validate the form submission" finished-at="2023-06-21T16:55:21 CDT">
          <reporter-output>
          </reporter-output>
        </test-method> <!-- validateTheFormSubmission -->
        <test-method status="PASS" signature="tearDown()[pri:0, instance:scripts._13_IFrameTest@544fe44c]" name="tearDown" is-config="true" duration-ms="776" started-at="2023-06-21T16:55:21 CDT" finished-at="2023-06-21T16:55:22 CDT">
          <reporter-output>
          </reporter-output>
        </test-method> <!-- tearDown -->
      </class> <!-- scripts._13_IFrameTest -->
      <class name="scripts._01_GoogleTest">
        <test-method status="PASS" signature="setup()[pri:0, instance:scripts._01_GoogleTest@55d56113]" name="setup" is-config="true" duration-ms="3615" started-at="2023-06-21T16:54:20 CDT" finished-at="2023-06-21T16:54:23 CDT">
          <reporter-output>
          </reporter-output>
        </test-method> <!-- setup -->
        <test-method status="PASS" signature="validateNavigation()[pri:0, instance:scripts._01_GoogleTest@55d56113]" name="validateNavigation" duration-ms="17553" started-at="2023-06-21T16:54:23 CDT" finished-at="2023-06-21T16:54:41 CDT">
          <reporter-output>
          </reporter-output>
        </test-method> <!-- validateNavigation -->
        <test-method status="PASS" signature="tearDown()[pri:0, instance:scripts._01_GoogleTest@55d56113]" name="tearDown" is-config="true" duration-ms="3919" started-at="2023-06-21T16:54:41 CDT" finished-at="2023-06-21T16:54:45 CDT">
          <reporter-output>
          </reporter-output>
        </test-method> <!-- tearDown -->
        <test-method status="PASS" signature="setup()[pri:0, instance:scripts._01_GoogleTest@55d56113]" name="setup" is-config="true" duration-ms="4930" started-at="2023-06-21T16:54:45 CDT" finished-at="2023-06-21T16:54:50 CDT">
          <reporter-output>
          </reporter-output>
        </test-method> <!-- setup -->
        <test-method status="PASS" signature="validateSearchButton()[pri:0, instance:scripts._01_GoogleTest@55d56113]" name="validateSearchButton" duration-ms="153" started-at="2023-06-21T16:54:50 CDT" finished-at="2023-06-21T16:54:50 CDT">
          <reporter-output>
          </reporter-output>
        </test-method> <!-- validateSearchButton -->
        <test-method status="PASS" signature="tearDown()[pri:0, instance:scripts._01_GoogleTest@55d56113]" name="tearDown" is-config="true" duration-ms="3755" started-at="2023-06-21T16:54:50 CDT" finished-at="2023-06-21T16:54:54 CDT">
          <reporter-output>
          </reporter-output>
        </test-method> <!-- tearDown -->
        <test-method status="PASS" signature="setup()[pri:0, instance:scripts._01_GoogleTest@55d56113]" name="setup" is-config="true" duration-ms="3863" started-at="2023-06-21T16:54:54 CDT" finished-at="2023-06-21T16:54:58 CDT">
          <reporter-output>
          </reporter-output>
        </test-method> <!-- setup -->
        <test-method status="PASS" signature="validateTitleAndURL()[pri:1, instance:scripts._01_GoogleTest@55d56113]" name="validateTitleAndURL" duration-ms="43" started-at="2023-06-21T16:54:58 CDT" finished-at="2023-06-21T16:54:58 CDT">
          <reporter-output>
          </reporter-output>
        </test-method> <!-- validateTitleAndURL -->
        <test-method status="PASS" signature="tearDown()[pri:0, instance:scripts._01_GoogleTest@55d56113]" name="tearDown" is-config="true" duration-ms="3839" started-at="2023-06-21T16:54:58 CDT" finished-at="2023-06-21T16:55:02 CDT">
          <reporter-output>
          </reporter-output>
        </test-method> <!-- tearDown -->
      </class> <!-- scripts._01_GoogleTest -->
      <class name="scripts._07_TGDynamicTest">
        <test-method status="PASS" signature="setUp()[pri:0, instance:scripts._07_TGDynamicTest@617faa95]" name="setUp" is-config="true" duration-ms="8831" started-at="2023-06-21T16:50:58 CDT" finished-at="2023-06-21T16:51:07 CDT">
          <reporter-output>
          </reporter-output>
        </test-method> <!-- setUp -->
        <test-method status="PASS" signature="setURL()[pri:0, instance:scripts._07_TGDynamicTest@617faa95]" name="setURL" is-config="true" duration-ms="1321" started-at="2023-06-21T16:51:07 CDT" finished-at="2023-06-21T16:51:08 CDT">
          <reporter-output>
          </reporter-output>
        </test-method> <!-- setURL -->
        <test-method status="PASS" signature="validateBoxes()[pri:0, instance:scripts._07_TGDynamicTest@617faa95]" name="validateBoxes" duration-ms="147" started-at="2023-06-21T16:51:08 CDT" finished-at="2023-06-21T16:51:09 CDT">
          <reporter-output>
          </reporter-output>
        </test-method> <!-- validateBoxes -->
        <test-method status="PASS" signature="tearDown()[pri:0, instance:scripts._07_TGDynamicTest@617faa95]" name="tearDown" is-config="true" duration-ms="746" started-at="2023-06-21T16:51:09 CDT" finished-at="2023-06-21T16:51:09 CDT">
          <reporter-output>
          </reporter-output>
        </test-method> <!-- tearDown -->
        <test-method status="PASS" signature="setUp()[pri:0, instance:scripts._07_TGDynamicTest@617faa95]" name="setUp" is-config="true" duration-ms="4003" started-at="2023-06-21T16:51:09 CDT" finished-at="2023-06-21T16:51:13 CDT">
          <reporter-output>
          </reporter-output>
        </test-method> <!-- setUp -->
        <test-method status="PASS" signature="setURL()[pri:0, instance:scripts._07_TGDynamicTest@617faa95]" name="setURL" is-config="true" duration-ms="957" started-at="2023-06-21T16:51:13 CDT" finished-at="2023-06-21T16:51:14 CDT">
          <reporter-output>
          </reporter-output>
        </test-method> <!-- setURL -->
        <test-method status="PASS" signature="validateDynamicElementBox1()[pri:0, instance:scripts._07_TGDynamicTest@617faa95]" name="validateDynamicElementBox1" duration-ms="88" started-at="2023-06-21T16:51:14 CDT" finished-at="2023-06-21T16:51:14 CDT">
          <reporter-output>
          </reporter-output>
        </test-method> <!-- validateDynamicElementBox1 -->
        <test-method status="PASS" signature="tearDown()[pri:0, instance:scripts._07_TGDynamicTest@617faa95]" name="tearDown" is-config="true" duration-ms="757" started-at="2023-06-21T16:51:14 CDT" finished-at="2023-06-21T16:51:15 CDT">
          <reporter-output>
          </reporter-output>
        </test-method> <!-- tearDown -->
        <test-method status="PASS" signature="setUp()[pri:0, instance:scripts._07_TGDynamicTest@617faa95]" name="setUp" is-config="true" duration-ms="3059" started-at="2023-06-21T16:51:15 CDT" finished-at="2023-06-21T16:51:18 CDT">
          <reporter-output>
          </reporter-output>
        </test-method> <!-- setUp -->
        <test-method status="PASS" signature="setURL()[pri:0, instance:scripts._07_TGDynamicTest@617faa95]" name="setURL" is-config="true" duration-ms="948" started-at="2023-06-21T16:51:18 CDT" finished-at="2023-06-21T16:51:19 CDT">
          <reporter-output>
          </reporter-output>
        </test-method> <!-- setURL -->
        <test-method status="PASS" signature="validateDynamicElementBox2()[pri:0, instance:scripts._07_TGDynamicTest@617faa95]" name="validateDynamicElementBox2" duration-ms="81" started-at="2023-06-21T16:51:19 CDT" finished-at="2023-06-21T16:51:19 CDT">
          <reporter-output>
          </reporter-output>
        </test-method> <!-- validateDynamicElementBox2 -->
        <test-method status="PASS" signature="tearDown()[pri:0, instance:scripts._07_TGDynamicTest@617faa95]" name="tearDown" is-config="true" duration-ms="738" started-at="2023-06-21T16:51:19 CDT" finished-at="2023-06-21T16:51:20 CDT">
          <reporter-output>
          </reporter-output>
        </test-method> <!-- tearDown -->
      </class> <!-- scripts._07_TGDynamicTest -->
      <class name="scripts._05_FacebookTest">
        <test-method status="PASS" signature="setUp()[pri:0, instance:scripts._05_FacebookTest@7e0b0338]" name="setUp" is-config="true" duration-ms="3706" started-at="2023-06-21T16:58:19 CDT" finished-at="2023-06-21T16:58:23 CDT">
          <reporter-output>
          </reporter-output>
        </test-method> <!-- setUp -->
        <test-method status="PASS" signature="setPage()[pri:0, instance:scripts._05_FacebookTest@7e0b0338]" name="setPage" is-config="true" duration-ms="1292" started-at="2023-06-21T16:58:23 CDT" finished-at="2023-06-21T16:58:24 CDT">
          <reporter-output>
          </reporter-output>
        </test-method> <!-- setPage -->
        <test-method status="PASS" signature="validateFacebookInvalidLoginAttempt()[pri:0, instance:scripts._05_FacebookTest@7e0b0338]" name="validateFacebookInvalidLoginAttempt" duration-ms="5724" started-at="2023-06-21T16:58:24 CDT" finished-at="2023-06-21T16:58:30 CDT">
          <reporter-output>
          </reporter-output>
        </test-method> <!-- validateFacebookInvalidLoginAttempt -->
        <test-method status="PASS" signature="tearDown()[pri:0, instance:scripts._05_FacebookTest@7e0b0338]" name="tearDown" is-config="true" duration-ms="752" started-at="2023-06-21T16:58:30 CDT" finished-at="2023-06-21T16:58:31 CDT">
          <reporter-output>
          </reporter-output>
        </test-method> <!-- tearDown -->
      </class> <!-- scripts._05_FacebookTest -->
      <class name="scripts._15_TGFileUpload">
        <test-method status="PASS" signature="setUp()[pri:0, instance:scripts._15_TGFileUpload@71318ec4]" name="setUp" is-config="true" duration-ms="4059" started-at="2023-06-21T16:56:47 CDT" finished-at="2023-06-21T16:56:52 CDT">
          <reporter-output>
          </reporter-output>
        </test-method> <!-- setUp -->
        <test-method status="PASS" signature="setPage()[pri:0, instance:scripts._15_TGFileUpload@71318ec4]" name="setPage" is-config="true" duration-ms="1204" started-at="2023-06-21T16:56:52 CDT" finished-at="2023-06-21T16:56:53 CDT">
          <reporter-output>
          </reporter-output>
        </test-method> <!-- setPage -->
        <test-method status="PASS" signature="basicFileUpload()[pri:0, instance:scripts._15_TGFileUpload@71318ec4]" name="basicFileUpload" duration-ms="211" started-at="2023-06-21T16:56:53 CDT" finished-at="2023-06-21T16:56:53 CDT">
          <reporter-output>
          </reporter-output>
        </test-method> <!-- basicFileUpload -->
        <test-method status="PASS" signature="tearDown()[pri:0, instance:scripts._15_TGFileUpload@71318ec4]" name="tearDown" is-config="true" duration-ms="709" started-at="2023-06-21T16:56:53 CDT" finished-at="2023-06-21T16:56:54 CDT">
          <reporter-output>
          </reporter-output>
        </test-method> <!-- tearDown -->
      </class> <!-- scripts._15_TGFileUpload -->
      <class name="scripts._17_TGStaticTableTest">
        <test-method status="PASS" signature="setUp()[pri:0, instance:scripts._17_TGStaticTableTest@a67c67e]" name="setUp" is-config="true" duration-ms="4098" started-at="2023-06-21T16:57:00 CDT" finished-at="2023-06-21T16:57:04 CDT">
          <reporter-output>
          </reporter-output>
        </test-method> <!-- setUp -->
        <test-method status="PASS" signature="setPage()[pri:0, instance:scripts._17_TGStaticTableTest@a67c67e]" name="setPage" is-config="true" duration-ms="1384" started-at="2023-06-21T16:57:04 CDT" finished-at="2023-06-21T16:57:05 CDT">
          <reporter-output>
          </reporter-output>
        </test-method> <!-- setPage -->
        <test-method status="PASS" signature="validateEachCell()[pri:0, instance:scripts._17_TGStaticTableTest@a67c67e]" name="validateEachCell" duration-ms="449" started-at="2023-06-21T16:57:05 CDT" finished-at="2023-06-21T16:57:05 CDT">
          <reporter-output>
          </reporter-output>
        </test-method> <!-- validateEachCell -->
        <test-method status="PASS" signature="tearDown()[pri:0, instance:scripts._17_TGStaticTableTest@a67c67e]" name="tearDown" is-config="true" duration-ms="782" started-at="2023-06-21T16:57:05 CDT" finished-at="2023-06-21T16:57:06 CDT">
          <reporter-output>
          </reporter-output>
        </test-method> <!-- tearDown -->
        <test-method status="PASS" signature="setUp()[pri:0, instance:scripts._17_TGStaticTableTest@a67c67e]" name="setUp" is-config="true" duration-ms="4318" started-at="2023-06-21T16:57:06 CDT" finished-at="2023-06-21T16:57:11 CDT">
          <reporter-output>
          </reporter-output>
        </test-method> <!-- setUp -->
        <test-method status="PASS" signature="setPage()[pri:0, instance:scripts._17_TGStaticTableTest@a67c67e]" name="setPage" is-config="true" duration-ms="1187" started-at="2023-06-21T16:57:11 CDT" finished-at="2023-06-21T16:57:12 CDT">
          <reporter-output>
          </reporter-output>
        </test-method> <!-- setPage -->
        <test-method status="PASS" signature="validateFirstRow()[pri:0, instance:scripts._17_TGStaticTableTest@a67c67e]" name="validateFirstRow" duration-ms="95" started-at="2023-06-21T16:57:12 CDT" finished-at="2023-06-21T16:57:12 CDT">
          <reporter-output>
          </reporter-output>
        </test-method> <!-- validateFirstRow -->
        <test-method status="PASS" signature="tearDown()[pri:0, instance:scripts._17_TGStaticTableTest@a67c67e]" name="tearDown" is-config="true" duration-ms="746" started-at="2023-06-21T16:57:12 CDT" finished-at="2023-06-21T16:57:13 CDT">
          <reporter-output>
          </reporter-output>
        </test-method> <!-- tearDown -->
        <test-method status="PASS" signature="setUp()[pri:0, instance:scripts._17_TGStaticTableTest@a67c67e]" name="setUp" is-config="true" duration-ms="4007" started-at="2023-06-21T16:57:13 CDT" finished-at="2023-06-21T16:57:17 CDT">
          <reporter-output>
          </reporter-output>
        </test-method> <!-- setUp -->
        <test-method status="PASS" signature="setPage()[pri:0, instance:scripts._17_TGStaticTableTest@a67c67e]" name="setPage" is-config="true" duration-ms="1230" started-at="2023-06-21T16:57:17 CDT" finished-at="2023-06-21T16:57:18 CDT">
          <reporter-output>
          </reporter-output>
        </test-method> <!-- setPage -->
        <test-method status="PASS" signature="validateLastColumn()[pri:0, instance:scripts._17_TGStaticTableTest@a67c67e]" name="validateLastColumn" duration-ms="92" started-at="2023-06-21T16:57:18 CDT" finished-at="2023-06-21T16:57:18 CDT">
          <reporter-output>
          </reporter-output>
        </test-method> <!-- validateLastColumn -->
        <test-method status="PASS" signature="tearDown()[pri:0, instance:scripts._17_TGStaticTableTest@a67c67e]" name="tearDown" is-config="true" duration-ms="707" started-at="2023-06-21T16:57:18 CDT" finished-at="2023-06-21T16:57:19 CDT">
          <reporter-output>
          </reporter-output>
        </test-method> <!-- tearDown -->
        <test-method status="PASS" signature="setUp()[pri:0, instance:scripts._17_TGStaticTableTest@a67c67e]" name="setUp" is-config="true" duration-ms="3712" started-at="2023-06-21T16:57:19 CDT" finished-at="2023-06-21T16:57:22 CDT">
          <reporter-output>
          </reporter-output>
        </test-method> <!-- setUp -->
        <test-method status="PASS" signature="setPage()[pri:0, instance:scripts._17_TGStaticTableTest@a67c67e]" name="setPage" is-config="true" duration-ms="1130" started-at="2023-06-21T16:57:22 CDT" finished-at="2023-06-21T16:57:23 CDT">
          <reporter-output>
          </reporter-output>
        </test-method> <!-- setPage -->
        <test-method status="PASS" signature="validateTableHeader()[pri:0, instance:scripts._17_TGStaticTableTest@a67c67e]" name="validateTableHeader" duration-ms="96" started-at="2023-06-21T16:57:23 CDT" finished-at="2023-06-21T16:57:24 CDT">
          <reporter-output>
          </reporter-output>
        </test-method> <!-- validateTableHeader -->
        <test-method status="PASS" signature="tearDown()[pri:0, instance:scripts._17_TGStaticTableTest@a67c67e]" name="tearDown" is-config="true" duration-ms="739" started-at="2023-06-21T16:57:24 CDT" finished-at="2023-06-21T16:57:24 CDT">
          <reporter-output>
          </reporter-output>
        </test-method> <!-- tearDown -->
      </class> <!-- scripts._17_TGStaticTableTest -->
      <class name="scripts._18_TGSortableTableTest">
        <test-method status="PASS" signature="setUp()[pri:0, instance:scripts._18_TGSortableTableTest@3327bd23]" name="setUp" is-config="true" duration-ms="3775" started-at="2023-06-21T16:57:24 CDT" finished-at="2023-06-21T16:57:28 CDT">
          <reporter-output>
          </reporter-output>
        </test-method> <!-- setUp -->
        <test-method status="PASS" signature="setPage()[pri:0, instance:scripts._18_TGSortableTableTest@3327bd23]" name="setPage" is-config="true" duration-ms="1124" started-at="2023-06-21T16:57:28 CDT" finished-at="2023-06-21T16:57:29 CDT">
          <reporter-output>
          </reporter-output>
        </test-method> <!-- setPage -->
        <test-method status="FAIL" signature="validateSortAscByQuantity()[pri:0, instance:scripts._18_TGSortableTableTest@3327bd23]" name="validateSortAscByQuantity" duration-ms="30023" started-at="2023-06-21T16:57:29 CDT" finished-at="2023-06-21T16:57:59 CDT">
          <exception class="org.openqa.selenium.NoSuchElementException">
            <message>
              <![CDATA[no such element: Unable to locate element: {"method":"css selector","selector":"#quantity_asc"}
  (Session info: chrome=114.0.5735.134)
For documentation on this error, please visit: https://www.seleniumhq.org/exceptions/no_such_element.html
Build info: version: '3.141.59', revision: 'e82be7d358', time: '2018-11-14T08:17:03'
System info: host: 'STP-R90Z23DY', ip: '192.168.1.11', os.name: 'Windows 10', os.arch: 'amd64', os.version: '10.0', java.version: '1.8.0_341'
Driver info: org.openqa.selenium.chrome.ChromeDriver
Capabilities {acceptInsecureCerts: false, browserName: chrome, browserVersion: 114.0.5735.134, chrome: {chromedriverVersion: 114.0.5735.90 (386bc09e8f4f..., userDataDir: C:\Users\STP\AppData\Local\...}, goog:chromeOptions: {debuggerAddress: localhost:64528}, javascriptEnabled: true, networkConnectionEnabled: false, pageLoadStrategy: normal, platform: WINDOWS, platformName: WINDOWS, proxy: Proxy(), setWindowRect: true, strictFileInteractability: false, timeouts: {implicit: 0, pageLoad: 300000, script: 30000}, unhandledPromptBehavior: dismiss and notify, webauthn:extension:credBlob: true, webauthn:extension:largeBlob: true, webauthn:extension:minPinLength: true, webauthn:extension:prf: true, webauthn:virtualAuthenticators: true}
Session ID: 15a3a90023818fdbd9eda224ba59a715
*** Element info: {Using=id, value=quantity_asc}]]>
            </message>
            <full-stacktrace>
              <![CDATA[org.openqa.selenium.NoSuchElementException: no such element: Unable to locate element: {"method":"css selector","selector":"#quantity_asc"}
  (Session info: chrome=114.0.5735.134)
For documentation on this error, please visit: https://www.seleniumhq.org/exceptions/no_such_element.html
Build info: version: '3.141.59', revision: 'e82be7d358', time: '2018-11-14T08:17:03'
System info: host: 'STP-R90Z23DY', ip: '192.168.1.11', os.name: 'Windows 10', os.arch: 'amd64', os.version: '10.0', java.version: '1.8.0_341'
Driver info: org.openqa.selenium.chrome.ChromeDriver
Capabilities {acceptInsecureCerts: false, browserName: chrome, browserVersion: 114.0.5735.134, chrome: {chromedriverVersion: 114.0.5735.90 (386bc09e8f4f..., userDataDir: C:\Users\STP\AppData\Local\...}, goog:chromeOptions: {debuggerAddress: localhost:64528}, javascriptEnabled: true, networkConnectionEnabled: false, pageLoadStrategy: normal, platform: WINDOWS, platformName: WINDOWS, proxy: Proxy(), setWindowRect: true, strictFileInteractability: false, timeouts: {implicit: 0, pageLoad: 300000, script: 30000}, unhandledPromptBehavior: dismiss and notify, webauthn:extension:credBlob: true, webauthn:extension:largeBlob: true, webauthn:extension:minPinLength: true, webauthn:extension:prf: true, webauthn:virtualAuthenticators: true}
Session ID: 15a3a90023818fdbd9eda224ba59a715
*** Element info: {Using=id, value=quantity_asc}
at sun.reflect.NativeConstructorAccessorImpl.newInstance0(Native Method)
at sun.reflect.NativeConstructorAccessorImpl.newInstance(NativeConstructorAccessorImpl.java:62)
at sun.reflect.DelegatingConstructorAccessorImpl.newInstance(DelegatingConstructorAccessorImpl.java:45)
at java.lang.reflect.Constructor.newInstance(Constructor.java:423)
at org.openqa.selenium.remote.http.W3CHttpResponseCodec.createException(W3CHttpResponseCodec.java:187)
at org.openqa.selenium.remote.http.W3CHttpResponseCodec.decode(W3CHttpResponseCodec.java:122)
at org.openqa.selenium.remote.http.W3CHttpResponseCodec.decode(W3CHttpResponseCodec.java:49)
at org.openqa.selenium.remote.HttpCommandExecutor.execute(HttpCommandExecutor.java:158)
at org.openqa.selenium.remote.service.DriverCommandExecutor.execute(DriverCommandExecutor.java:83)
at org.openqa.selenium.remote.RemoteWebDriver.execute(RemoteWebDriver.java:552)
at org.openqa.selenium.remote.RemoteWebDriver.findElement(RemoteWebDriver.java:323)
at org.openqa.selenium.remote.RemoteWebDriver.findElementById(RemoteWebDriver.java:372)
at org.openqa.selenium.By$ById.findElement(By.java:188)
at org.openqa.selenium.remote.RemoteWebDriver.findElement(RemoteWebDriver.java:315)
at scripts._18_TGSortableTableTest.validateSortAscByQuantity(_18_TGSortableTableTest.java:30)
at sun.reflect.NativeMethodAccessorImpl.invoke0(Native Method)
at sun.reflect.NativeMethodAccessorImpl.invoke(NativeMethodAccessorImpl.java:62)
at sun.reflect.DelegatingMethodAccessorImpl.invoke(DelegatingMethodAccessorImpl.java:43)
at java.lang.reflect.Method.invoke(Method.java:498)
at org.testng.internal.MethodInvocationHelper.invokeMethod(MethodInvocationHelper.java:134)
at org.testng.internal.TestInvoker.invokeMethod(TestInvoker.java:597)
at org.testng.internal.TestInvoker.invokeTestMethod(TestInvoker.java:173)
at org.testng.internal.MethodRunner.runInSequence(MethodRunner.java:46)
at org.testng.internal.TestInvoker$MethodInvocationAgent.invoke(TestInvoker.java:816)
at org.testng.internal.TestInvoker.invokeTestMethods(TestInvoker.java:146)
at org.testng.internal.TestMethodWorker.invokeTestMethods(TestMethodWorker.java:146)
at org.testng.internal.TestMethodWorker.run(TestMethodWorker.java:128)
at java.util.ArrayList.forEach(ArrayList.java:1259)
at org.testng.TestRunner.privateRun(TestRunner.java:766)
at org.testng.TestRunner.run(TestRunner.java:587)
at org.testng.SuiteRunner.runTest(SuiteRunner.java:384)
at org.testng.SuiteRunner.runSequentially(SuiteRunner.java:378)
at org.testng.SuiteRunner.privateRun(SuiteRunner.java:337)
at org.testng.SuiteRunner.run(SuiteRunner.java:286)
at org.testng.SuiteRunnerWorker.runSuite(SuiteRunnerWorker.java:53)
at org.testng.SuiteRunnerWorker.run(SuiteRunnerWorker.java:96)
at org.testng.TestNG.runSuitesSequentially(TestNG.java:1187)
at org.testng.TestNG.runSuitesLocally(TestNG.java:1109)
at org.testng.TestNG.runSuites(TestNG.java:1039)
at org.testng.TestNG.run(TestNG.java:1007)
at org.apache.maven.surefire.testng.TestNGExecutor.run(TestNGExecutor.java:281)
at org.apache.maven.surefire.testng.TestNGXmlTestSuite.execute(TestNGXmlTestSuite.java:75)
at org.apache.maven.surefire.testng.TestNGProvider.invoke(TestNGProvider.java:121)
at org.apache.maven.surefire.booter.ForkedBooter.invokeProviderInSameClassLoader(ForkedBooter.java:290)
at org.apache.maven.surefire.booter.ForkedBooter.runSuitesInProcess(ForkedBooter.java:242)
at org.apache.maven.surefire.booter.ForkedBooter.main(ForkedBooter.java:121)
]]>
            </full-stacktrace>
          </exception> <!-- org.openqa.selenium.NoSuchElementException -->
          <reporter-output>
          </reporter-output>
        </test-method> <!-- validateSortAscByQuantity -->
        <test-method status="PASS" signature="tearDown()[pri:0, instance:scripts._18_TGSortableTableTest@3327bd23]" name="tearDown" is-config="true" duration-ms="777" started-at="2023-06-21T16:57:59 CDT" finished-at="2023-06-21T16:58:00 CDT">
          <reporter-output>
          </reporter-output>
        </test-method> <!-- tearDown -->
      </class> <!-- scripts._18_TGSortableTableTest -->
      <class name="scripts._11_TGDropdownsTest">
        <test-method status="PASS" signature="setUp()[pri:0, instance:scripts._11_TGDropdownsTest@3c0f93f1]" name="setUp" is-config="true" duration-ms="3573" started-at="2023-06-21T16:52:31 CDT" finished-at="2023-06-21T16:52:34 CDT">
          <reporter-output>
          </reporter-output>
        </test-method> <!-- setUp -->
        <test-method status="PASS" signature="setPage()[pri:0, instance:scripts._11_TGDropdownsTest@3c0f93f1]" name="setPage" is-config="true" duration-ms="1240" started-at="2023-06-21T16:52:34 CDT" finished-at="2023-06-21T16:52:36 CDT">
          <reporter-output>
          </reporter-output>
        </test-method> <!-- setPage -->
        <test-method status="PASS" signature="colorDropdownTest()[pri:0, instance:scripts._11_TGDropdownsTest@3c0f93f1]" name="colorDropdownTest" duration-ms="2488" started-at="2023-06-21T16:52:36 CDT" finished-at="2023-06-21T16:52:38 CDT">
          <reporter-output>
          </reporter-output>
        </test-method> <!-- colorDropdownTest -->
        <test-method status="PASS" signature="tearDown()[pri:0, instance:scripts._11_TGDropdownsTest@3c0f93f1]" name="tearDown" is-config="true" duration-ms="773" started-at="2023-06-21T16:52:38 CDT" finished-at="2023-06-21T16:52:39 CDT">
          <reporter-output>
          </reporter-output>
        </test-method> <!-- tearDown -->
        <test-method status="PASS" signature="setUp()[pri:0, instance:scripts._11_TGDropdownsTest@3c0f93f1]" name="setUp" is-config="true" duration-ms="4084" started-at="2023-06-21T16:52:39 CDT" finished-at="2023-06-21T16:52:43 CDT">
          <reporter-output>
          </reporter-output>
        </test-method> <!-- setUp -->
        <test-method status="PASS" signature="setPage()[pri:0, instance:scripts._11_TGDropdownsTest@3c0f93f1]" name="setPage" is-config="true" duration-ms="1528" started-at="2023-06-21T16:52:43 CDT" finished-at="2023-06-21T16:52:44 CDT">
          <reporter-output>
          </reporter-output>
        </test-method> <!-- setPage -->
        <test-method status="PASS" signature="productDropdownTest()[pri:0, instance:scripts._11_TGDropdownsTest@3c0f93f1]" name="productDropdownTest" duration-ms="2156" started-at="2023-06-21T16:52:44 CDT" finished-at="2023-06-21T16:52:47 CDT">
          <reporter-output>
          </reporter-output>
        </test-method> <!-- productDropdownTest -->
        <test-method status="PASS" signature="tearDown()[pri:0, instance:scripts._11_TGDropdownsTest@3c0f93f1]" name="tearDown" is-config="true" duration-ms="667" started-at="2023-06-21T16:52:47 CDT" finished-at="2023-06-21T16:52:47 CDT">
          <reporter-output>
          </reporter-output>
        </test-method> <!-- tearDown -->
        <test-method status="PASS" signature="setUp()[pri:0, instance:scripts._11_TGDropdownsTest@3c0f93f1]" name="setUp" is-config="true" duration-ms="3320" started-at="2023-06-21T16:52:47 CDT" finished-at="2023-06-21T16:52:51 CDT">
          <reporter-output>
          </reporter-output>
        </test-method> <!-- setUp -->
        <test-method status="PASS" signature="setPage()[pri:0, instance:scripts._11_TGDropdownsTest@3c0f93f1]" name="setPage" is-config="true" duration-ms="1509" started-at="2023-06-21T16:52:51 CDT" finished-at="2023-06-21T16:52:52 CDT">
          <reporter-output>
          </reporter-output>
        </test-method> <!-- setPage -->
        <test-method status="PASS" signature="shipmentType()[pri:0, instance:scripts._11_TGDropdownsTest@3c0f93f1]" name="shipmentType" duration-ms="2175" started-at="2023-06-21T16:52:52 CDT" finished-at="2023-06-21T16:52:54 CDT">
          <reporter-output>
          </reporter-output>
        </test-method> <!-- shipmentType -->
        <test-method status="PASS" signature="tearDown()[pri:0, instance:scripts._11_TGDropdownsTest@3c0f93f1]" name="tearDown" is-config="true" duration-ms="715" started-at="2023-06-21T16:52:54 CDT" finished-at="2023-06-21T16:52:55 CDT">
          <reporter-output>
          </reporter-output>
        </test-method> <!-- tearDown -->
        <test-method status="PASS" signature="setUp()[pri:0, instance:scripts._11_TGDropdownsTest@3c0f93f1]" name="setUp" is-config="true" duration-ms="3486" started-at="2023-06-21T16:52:55 CDT" finished-at="2023-06-21T16:52:59 CDT">
          <reporter-output>
          </reporter-output>
        </test-method> <!-- setUp -->
        <test-method status="PASS" signature="setPage()[pri:0, instance:scripts._11_TGDropdownsTest@3c0f93f1]" name="setPage" is-config="true" duration-ms="1202" started-at="2023-06-21T16:52:59 CDT" finished-at="2023-06-21T16:53:00 CDT">
          <reporter-output>
          </reporter-output>
        </test-method> <!-- setPage -->
        <test-method status="PASS" signature="validateDropdowns()[pri:0, instance:scripts._11_TGDropdownsTest@3c0f93f1]" name="validateDropdowns" duration-ms="2656" started-at="2023-06-21T16:53:00 CDT" finished-at="2023-06-21T16:53:02 CDT">
          <reporter-output>
          </reporter-output>
        </test-method> <!-- validateDropdowns -->
        <test-method status="PASS" signature="tearDown()[pri:0, instance:scripts._11_TGDropdownsTest@3c0f93f1]" name="tearDown" is-config="true" duration-ms="658" started-at="2023-06-21T16:53:02 CDT" finished-at="2023-06-21T16:53:03 CDT">
          <reporter-output>
          </reporter-output>
        </test-method> <!-- tearDown -->
      </class> <!-- scripts._11_TGDropdownsTest -->
      <class name="scripts._12_TGAlertsTest">
        <test-method status="PASS" signature="setUp()[pri:0, instance:scripts._12_TGAlertsTest@31dc339b]" name="setUp" is-config="true" duration-ms="3406" started-at="2023-06-21T16:53:03 CDT" finished-at="2023-06-21T16:53:06 CDT">
          <reporter-output>
          </reporter-output>
        </test-method> <!-- setUp -->
        <test-method status="PASS" signature="setPage()[pri:0, instance:scripts._12_TGAlertsTest@31dc339b]" name="setPage" is-config="true" duration-ms="1327" started-at="2023-06-21T16:53:06 CDT" finished-at="2023-06-21T16:53:08 CDT">
          <reporter-output>
          </reporter-output>
        </test-method> <!-- setPage -->
        <test-method status="PASS" signature="confirmationAlert()[pri:0, instance:scripts._12_TGAlertsTest@31dc339b]" name="confirmationAlert" duration-ms="12199" started-at="2023-06-21T16:53:08 CDT" finished-at="2023-06-21T16:53:20 CDT">
          <reporter-output>
          </reporter-output>
        </test-method> <!-- confirmationAlert -->
        <test-method status="PASS" signature="tearDown()[pri:0, instance:scripts._12_TGAlertsTest@31dc339b]" name="tearDown" is-config="true" duration-ms="802" started-at="2023-06-21T16:53:20 CDT" finished-at="2023-06-21T16:53:21 CDT">
          <reporter-output>
          </reporter-output>
        </test-method> <!-- tearDown -->
        <test-method status="PASS" signature="setUp()[pri:0, instance:scripts._12_TGAlertsTest@31dc339b]" name="setUp" is-config="true" duration-ms="4762" started-at="2023-06-21T16:53:21 CDT" finished-at="2023-06-21T16:53:26 CDT">
          <reporter-output>
          </reporter-output>
        </test-method> <!-- setUp -->
        <test-method status="PASS" signature="setPage()[pri:0, instance:scripts._12_TGAlertsTest@31dc339b]" name="setPage" is-config="true" duration-ms="1234" started-at="2023-06-21T16:53:26 CDT" finished-at="2023-06-21T16:53:27 CDT">
          <reporter-output>
          </reporter-output>
        </test-method> <!-- setPage -->
        <test-method status="PASS" signature="promptAlertTest()[pri:0, instance:scripts._12_TGAlertsTest@31dc339b]" name="promptAlertTest" duration-ms="353" started-at="2023-06-21T16:53:27 CDT" finished-at="2023-06-21T16:53:27 CDT">
          <reporter-output>
          </reporter-output>
        </test-method> <!-- promptAlertTest -->
        <test-method status="PASS" signature="tearDown()[pri:0, instance:scripts._12_TGAlertsTest@31dc339b]" name="tearDown" is-config="true" duration-ms="790" started-at="2023-06-21T16:53:27 CDT" finished-at="2023-06-21T16:53:28 CDT">
          <reporter-output>
          </reporter-output>
        </test-method> <!-- tearDown -->
        <test-method status="PASS" signature="setUp()[pri:0, instance:scripts._12_TGAlertsTest@31dc339b]" name="setUp" is-config="true" duration-ms="3614" started-at="2023-06-21T16:53:28 CDT" finished-at="2023-06-21T16:53:32 CDT">
          <reporter-output>
          </reporter-output>
        </test-method> <!-- setUp -->
        <test-method status="PASS" signature="setPage()[pri:0, instance:scripts._12_TGAlertsTest@31dc339b]" name="setPage" is-config="true" duration-ms="1055" started-at="2023-06-21T16:53:32 CDT" finished-at="2023-06-21T16:53:33 CDT">
          <reporter-output>
          </reporter-output>
        </test-method> <!-- setPage -->
        <test-method status="PASS" signature="warningAlert()[pri:0, instance:scripts._12_TGAlertsTest@31dc339b]" name="warningAlert" duration-ms="4139" started-at="2023-06-21T16:53:33 CDT" finished-at="2023-06-21T16:53:37 CDT">
          <reporter-output>
          </reporter-output>
        </test-method> <!-- warningAlert -->
        <test-method status="PASS" signature="tearDown()[pri:0, instance:scripts._12_TGAlertsTest@31dc339b]" name="tearDown" is-config="true" duration-ms="648" started-at="2023-06-21T16:53:37 CDT" finished-at="2023-06-21T16:53:37 CDT">
          <reporter-output>
          </reporter-output>
        </test-method> <!-- tearDown -->
      </class> <!-- scripts._12_TGAlertsTest -->
      <class name="scripts._04_TGLocators2">
        <test-method status="PASS" signature="setUp()[pri:0, instance:scripts._04_TGLocators2@6e1ec318]" name="setUp" is-config="true" duration-ms="3997" started-at="2023-06-21T16:58:00 CDT" finished-at="2023-06-21T16:58:04 CDT">
          <reporter-output>
          </reporter-output>
        </test-method> <!-- setUp -->
        <test-method status="PASS" signature="goToURL()[pri:0, instance:scripts._04_TGLocators2@6e1ec318]" name="goToURL" is-config="true" duration-ms="1601" started-at="2023-06-21T16:58:04 CDT" finished-at="2023-06-21T16:58:06 CDT">
          <reporter-output>
          </reporter-output>
        </test-method> <!-- goToURL -->
        <test-method status="PASS" signature="validateLanguages()[pri:0, instance:scripts._04_TGLocators2@6e1ec318]" name="validateLanguages" duration-ms="316" started-at="2023-06-21T16:58:06 CDT" finished-at="2023-06-21T16:58:06 CDT">
          <reporter-output>
          </reporter-output>
        </test-method> <!-- validateLanguages -->
        <test-method status="PASS" signature="tearDown()[pri:0, instance:scripts._04_TGLocators2@6e1ec318]" name="tearDown" is-config="true" duration-ms="956" started-at="2023-06-21T16:58:06 CDT" finished-at="2023-06-21T16:58:07 CDT">
          <reporter-output>
          </reporter-output>
        </test-method> <!-- tearDown -->
        <test-method status="PASS" signature="setUp()[pri:0, instance:scripts._04_TGLocators2@6e1ec318]" name="setUp" is-config="true" duration-ms="4167" started-at="2023-06-21T16:58:07 CDT" finished-at="2023-06-21T16:58:11 CDT">
          <reporter-output>
          </reporter-output>
        </test-method> <!-- setUp -->
        <test-method status="PASS" signature="goToURL()[pri:0, instance:scripts._04_TGLocators2@6e1ec318]" name="goToURL" is-config="true" duration-ms="1476" started-at="2023-06-21T16:58:11 CDT" finished-at="2023-06-21T16:58:13 CDT">
          <reporter-output>
          </reporter-output>
        </test-method> <!-- goToURL -->
        <test-method status="PASS" signature="validateListHeaders()[pri:0, instance:scripts._04_TGLocators2@6e1ec318]" name="validateListHeaders" duration-ms="128" started-at="2023-06-21T16:58:13 CDT" finished-at="2023-06-21T16:58:13 CDT">
          <reporter-output>
          </reporter-output>
        </test-method> <!-- validateListHeaders -->
        <test-method status="PASS" signature="tearDown()[pri:0, instance:scripts._04_TGLocators2@6e1ec318]" name="tearDown" is-config="true" duration-ms="736" started-at="2023-06-21T16:58:13 CDT" finished-at="2023-06-21T16:58:13 CDT">
          <reporter-output>
          </reporter-output>
        </test-method> <!-- tearDown -->
        <test-method status="PASS" signature="setUp()[pri:0, instance:scripts._04_TGLocators2@6e1ec318]" name="setUp" is-config="true" duration-ms="3691" started-at="2023-06-21T16:58:13 CDT" finished-at="2023-06-21T16:58:17 CDT">
          <reporter-output>
          </reporter-output>
        </test-method> <!-- setUp -->
        <test-method status="PASS" signature="goToURL()[pri:0, instance:scripts._04_TGLocators2@6e1ec318]" name="goToURL" is-config="true" duration-ms="1299" started-at="2023-06-21T16:58:17 CDT" finished-at="2023-06-21T16:58:18 CDT">
          <reporter-output>
          </reporter-output>
        </test-method> <!-- goToURL -->
        <test-method status="PASS" signature="validateTools()[pri:0, instance:scripts._04_TGLocators2@6e1ec318]" name="validateTools" duration-ms="215" started-at="2023-06-21T16:58:18 CDT" finished-at="2023-06-21T16:58:19 CDT">
          <reporter-output>
          </reporter-output>
        </test-method> <!-- validateTools -->
        <test-method status="PASS" signature="tearDown()[pri:0, instance:scripts._04_TGLocators2@6e1ec318]" name="tearDown" is-config="true" duration-ms="754" started-at="2023-06-21T16:58:19 CDT" finished-at="2023-06-21T16:58:19 CDT">
          <reporter-output>
          </reporter-output>
        </test-method> <!-- tearDown -->
      </class> <!-- scripts._04_TGLocators2 -->
      <class name="scripts._03_TGLocators">
        <test-method status="PASS" signature="setUp()[pri:0, instance:scripts._03_TGLocators@10bdf5e5]" name="setUp" is-config="true" duration-ms="3750" started-at="2023-06-21T16:55:15 CDT" finished-at="2023-06-21T16:55:19 CDT">
          <reporter-output>
          </reporter-output>
        </test-method> <!-- setUp -->
        <test-method status="FAIL" signature="setPage()[pri:0, instance:scripts._03_TGLocators@10bdf5e5]" name="setPage" is-config="true" duration-ms="1" started-at="2023-06-21T16:55:19 CDT" finished-at="2023-06-21T16:55:19 CDT">
          <exception class="java.lang.NullPointerException">
            <full-stacktrace>
              <![CDATA[java.lang.NullPointerException
at scripts._03_TGLocators.setPage(_03_TGLocators.java:23)
at sun.reflect.NativeMethodAccessorImpl.invoke0(Native Method)
at sun.reflect.NativeMethodAccessorImpl.invoke(NativeMethodAccessorImpl.java:62)
at sun.reflect.DelegatingMethodAccessorImpl.invoke(DelegatingMethodAccessorImpl.java:43)
at java.lang.reflect.Method.invoke(Method.java:498)
at org.testng.internal.MethodInvocationHelper.invokeMethod(MethodInvocationHelper.java:134)
at org.testng.internal.MethodInvocationHelper.invokeMethodConsideringTimeout(MethodInvocationHelper.java:63)
at org.testng.internal.ConfigInvoker.invokeConfigurationMethod(ConfigInvoker.java:348)
at org.testng.internal.ConfigInvoker.invokeConfigurations(ConfigInvoker.java:302)
at org.testng.internal.TestInvoker.runConfigMethods(TestInvoker.java:695)
at org.testng.internal.TestInvoker.invokeMethod(TestInvoker.java:523)
at org.testng.internal.TestInvoker.invokeTestMethod(TestInvoker.java:173)
at org.testng.internal.MethodRunner.runInSequence(MethodRunner.java:46)
at org.testng.internal.TestInvoker$MethodInvocationAgent.invoke(TestInvoker.java:816)
at org.testng.internal.TestInvoker.invokeTestMethods(TestInvoker.java:146)
at org.testng.internal.TestMethodWorker.invokeTestMethods(TestMethodWorker.java:146)
at org.testng.internal.TestMethodWorker.run(TestMethodWorker.java:128)
at java.util.ArrayList.forEach(ArrayList.java:1259)
at org.testng.TestRunner.privateRun(TestRunner.java:766)
at org.testng.TestRunner.run(TestRunner.java:587)
at org.testng.SuiteRunner.runTest(SuiteRunner.java:384)
at org.testng.SuiteRunner.runSequentially(SuiteRunner.java:378)
at org.testng.SuiteRunner.privateRun(SuiteRunner.java:337)
at org.testng.SuiteRunner.run(SuiteRunner.java:286)
at org.testng.SuiteRunnerWorker.runSuite(SuiteRunnerWorker.java:53)
at org.testng.SuiteRunnerWorker.run(SuiteRunnerWorker.java:96)
at org.testng.TestNG.runSuitesSequentially(TestNG.java:1187)
at org.testng.TestNG.runSuitesLocally(TestNG.java:1109)
at org.testng.TestNG.runSuites(TestNG.java:1039)
at org.testng.TestNG.run(TestNG.java:1007)
at org.apache.maven.surefire.testng.TestNGExecutor.run(TestNGExecutor.java:281)
at org.apache.maven.surefire.testng.TestNGXmlTestSuite.execute(TestNGXmlTestSuite.java:75)
at org.apache.maven.surefire.testng.TestNGProvider.invoke(TestNGProvider.java:121)
at org.apache.maven.surefire.booter.ForkedBooter.invokeProviderInSameClassLoader(ForkedBooter.java:290)
at org.apache.maven.surefire.booter.ForkedBooter.runSuitesInProcess(ForkedBooter.java:242)
at org.apache.maven.surefire.booter.ForkedBooter.main(ForkedBooter.java:121)
]]>
            </full-stacktrace>
          </exception> <!-- java.lang.NullPointerException -->
          <reporter-output>
          </reporter-output>
        </test-method> <!-- setPage -->
        <test-method status="SKIP" signature="validateKiwiParagraph()[pri:1, instance:scripts._03_TGLocators@10bdf5e5]" name="validateKiwiParagraph" duration-ms="0" started-at="2023-06-21T16:55:19 CDT" finished-at="2023-06-21T16:55:19 CDT">
          <exception class="java.lang.NullPointerException">
            <full-stacktrace>
              <![CDATA[java.lang.NullPointerException
at scripts._03_TGLocators.setPage(_03_TGLocators.java:23)
at sun.reflect.NativeMethodAccessorImpl.invoke0(Native Method)
at sun.reflect.NativeMethodAccessorImpl.invoke(NativeMethodAccessorImpl.java:62)
at sun.reflect.DelegatingMethodAccessorImpl.invoke(DelegatingMethodAccessorImpl.java:43)
at java.lang.reflect.Method.invoke(Method.java:498)
at org.testng.internal.MethodInvocationHelper.invokeMethod(MethodInvocationHelper.java:134)
at org.testng.internal.MethodInvocationHelper.invokeMethodConsideringTimeout(MethodInvocationHelper.java:63)
at org.testng.internal.ConfigInvoker.invokeConfigurationMethod(ConfigInvoker.java:348)
at org.testng.internal.ConfigInvoker.invokeConfigurations(ConfigInvoker.java:302)
at org.testng.internal.TestInvoker.runConfigMethods(TestInvoker.java:695)
at org.testng.internal.TestInvoker.invokeMethod(TestInvoker.java:523)
at org.testng.internal.TestInvoker.invokeTestMethod(TestInvoker.java:173)
at org.testng.internal.MethodRunner.runInSequence(MethodRunner.java:46)
at org.testng.internal.TestInvoker$MethodInvocationAgent.invoke(TestInvoker.java:816)
at org.testng.internal.TestInvoker.invokeTestMethods(TestInvoker.java:146)
at org.testng.internal.TestMethodWorker.invokeTestMethods(TestMethodWorker.java:146)
at org.testng.internal.TestMethodWorker.run(TestMethodWorker.java:128)
at java.util.ArrayList.forEach(ArrayList.java:1259)
at org.testng.TestRunner.privateRun(TestRunner.java:766)
at org.testng.TestRunner.run(TestRunner.java:587)
at org.testng.SuiteRunner.runTest(SuiteRunner.java:384)
at org.testng.SuiteRunner.runSequentially(SuiteRunner.java:378)
at org.testng.SuiteRunner.privateRun(SuiteRunner.java:337)
at org.testng.SuiteRunner.run(SuiteRunner.java:286)
at org.testng.SuiteRunnerWorker.runSuite(SuiteRunnerWorker.java:53)
at org.testng.SuiteRunnerWorker.run(SuiteRunnerWorker.java:96)
at org.testng.TestNG.runSuitesSequentially(TestNG.java:1187)
at org.testng.TestNG.runSuitesLocally(TestNG.java:1109)
at org.testng.TestNG.runSuites(TestNG.java:1039)
at org.testng.TestNG.run(TestNG.java:1007)
at org.apache.maven.surefire.testng.TestNGExecutor.run(TestNGExecutor.java:281)
at org.apache.maven.surefire.testng.TestNGXmlTestSuite.execute(TestNGXmlTestSuite.java:75)
at org.apache.maven.surefire.testng.TestNGProvider.invoke(TestNGProvider.java:121)
at org.apache.maven.surefire.booter.ForkedBooter.invokeProviderInSameClassLoader(ForkedBooter.java:290)
at org.apache.maven.surefire.booter.ForkedBooter.runSuitesInProcess(ForkedBooter.java:242)
at org.apache.maven.surefire.booter.ForkedBooter.main(ForkedBooter.java:121)
]]>
            </full-stacktrace>
          </exception> <!-- java.lang.NullPointerException -->
          <reporter-output>
          </reporter-output>
        </test-method> <!-- validateKiwiParagraph -->
        <test-method status="SKIP" signature="setUp()[pri:0, instance:scripts._03_TGLocators@10bdf5e5]" name="setUp" is-config="true" duration-ms="-1687384519544" started-at="2023-06-21T16:55:19 CDT" finished-at="1969-12-31T18:00:00 CST">
          <reporter-output>
          </reporter-output>
        </test-method> <!-- setUp -->
        <test-method status="SKIP" signature="setPage()[pri:0, instance:scripts._03_TGLocators@10bdf5e5]" name="setPage" is-config="true" duration-ms="-1687384519544" started-at="2023-06-21T16:55:19 CDT" finished-at="1969-12-31T18:00:00 CST">
          <reporter-output>
          </reporter-output>
        </test-method> <!-- setPage -->
        <test-method status="SKIP" signature="tearDown()[pri:0, instance:scripts._03_TGLocators@10bdf5e5]" name="tearDown" is-config="true" duration-ms="-1687384519544" started-at="2023-06-21T16:55:19 CDT" finished-at="1969-12-31T18:00:00 CST">
          <reporter-output>
          </reporter-output>
        </test-method> <!-- tearDown -->
        <test-method status="SKIP" signature="tearDown()[pri:0, instance:scripts._03_TGLocators@10bdf5e5]" name="tearDown" is-config="true" duration-ms="-1687384519545" started-at="2023-06-21T16:55:19 CDT" finished-at="1969-12-31T18:00:00 CST">
          <reporter-output>
          </reporter-output>
        </test-method> <!-- tearDown -->
        <test-method status="SKIP" signature="validateOrangeParagraph()[pri:2, instance:scripts._03_TGLocators@10bdf5e5]" name="validateOrangeParagraph" duration-ms="0" started-at="2023-06-21T16:55:19 CDT" finished-at="2023-06-21T16:55:19 CDT">
          <exception class="java.lang.NullPointerException">
            <full-stacktrace>
              <![CDATA[java.lang.NullPointerException
at scripts._03_TGLocators.setPage(_03_TGLocators.java:23)
at sun.reflect.NativeMethodAccessorImpl.invoke0(Native Method)
at sun.reflect.NativeMethodAccessorImpl.invoke(NativeMethodAccessorImpl.java:62)
at sun.reflect.DelegatingMethodAccessorImpl.invoke(DelegatingMethodAccessorImpl.java:43)
at java.lang.reflect.Method.invoke(Method.java:498)
at org.testng.internal.MethodInvocationHelper.invokeMethod(MethodInvocationHelper.java:134)
at org.testng.internal.MethodInvocationHelper.invokeMethodConsideringTimeout(MethodInvocationHelper.java:63)
at org.testng.internal.ConfigInvoker.invokeConfigurationMethod(ConfigInvoker.java:348)
at org.testng.internal.ConfigInvoker.invokeConfigurations(ConfigInvoker.java:302)
at org.testng.internal.TestInvoker.runConfigMethods(TestInvoker.java:695)
at org.testng.internal.TestInvoker.invokeMethod(TestInvoker.java:523)
at org.testng.internal.TestInvoker.invokeTestMethod(TestInvoker.java:173)
at org.testng.internal.MethodRunner.runInSequence(MethodRunner.java:46)
at org.testng.internal.TestInvoker$MethodInvocationAgent.invoke(TestInvoker.java:816)
at org.testng.internal.TestInvoker.invokeTestMethods(TestInvoker.java:146)
at org.testng.internal.TestMethodWorker.invokeTestMethods(TestMethodWorker.java:146)
at org.testng.internal.TestMethodWorker.run(TestMethodWorker.java:128)
at java.util.ArrayList.forEach(ArrayList.java:1259)
at org.testng.TestRunner.privateRun(TestRunner.java:766)
at org.testng.TestRunner.run(TestRunner.java:587)
at org.testng.SuiteRunner.runTest(SuiteRunner.java:384)
at org.testng.SuiteRunner.runSequentially(SuiteRunner.java:378)
at org.testng.SuiteRunner.privateRun(SuiteRunner.java:337)
at org.testng.SuiteRunner.run(SuiteRunner.java:286)
at org.testng.SuiteRunnerWorker.runSuite(SuiteRunnerWorker.java:53)
at org.testng.SuiteRunnerWorker.run(SuiteRunnerWorker.java:96)
at org.testng.TestNG.runSuitesSequentially(TestNG.java:1187)
at org.testng.TestNG.runSuitesLocally(TestNG.java:1109)
at org.testng.TestNG.runSuites(TestNG.java:1039)
at org.testng.TestNG.run(TestNG.java:1007)
at org.apache.maven.surefire.testng.TestNGExecutor.run(TestNGExecutor.java:281)
at org.apache.maven.surefire.testng.TestNGXmlTestSuite.execute(TestNGXmlTestSuite.java:75)
at org.apache.maven.surefire.testng.TestNGProvider.invoke(TestNGProvider.java:121)
at org.apache.maven.surefire.booter.ForkedBooter.invokeProviderInSameClassLoader(ForkedBooter.java:290)
at org.apache.maven.surefire.booter.ForkedBooter.runSuitesInProcess(ForkedBooter.java:242)
at org.apache.maven.surefire.booter.ForkedBooter.main(ForkedBooter.java:121)
]]>
            </full-stacktrace>
          </exception> <!-- java.lang.NullPointerException -->
          <reporter-output>
          </reporter-output>
        </test-method> <!-- validateOrangeParagraph -->
        <test-method status="SKIP" signature="setUp()[pri:0, instance:scripts._03_TGLocators@10bdf5e5]" name="setUp" is-config="true" duration-ms="-1687384569002" started-at="2023-06-21T16:56:09 CDT" finished-at="1969-12-31T18:00:00 CST">
          <reporter-output>
          </reporter-output>
        </test-method> <!-- setUp -->
        <test-method status="SKIP" signature="validateGrapesParagraph()[pri:3, instance:scripts._03_TGLocators@10bdf5e5]" name="validateGrapesParagraph" duration-ms="0" started-at="2023-06-21T16:56:09 CDT" finished-at="2023-06-21T16:56:09 CDT">
          <exception class="java.lang.NullPointerException">
            <full-stacktrace>
              <![CDATA[java.lang.NullPointerException
at scripts._03_TGLocators.setPage(_03_TGLocators.java:23)
at sun.reflect.NativeMethodAccessorImpl.invoke0(Native Method)
at sun.reflect.NativeMethodAccessorImpl.invoke(NativeMethodAccessorImpl.java:62)
at sun.reflect.DelegatingMethodAccessorImpl.invoke(DelegatingMethodAccessorImpl.java:43)
at java.lang.reflect.Method.invoke(Method.java:498)
at org.testng.internal.MethodInvocationHelper.invokeMethod(MethodInvocationHelper.java:134)
at org.testng.internal.MethodInvocationHelper.invokeMethodConsideringTimeout(MethodInvocationHelper.java:63)
at org.testng.internal.ConfigInvoker.invokeConfigurationMethod(ConfigInvoker.java:348)
at org.testng.internal.ConfigInvoker.invokeConfigurations(ConfigInvoker.java:302)
at org.testng.internal.TestInvoker.runConfigMethods(TestInvoker.java:695)
at org.testng.internal.TestInvoker.invokeMethod(TestInvoker.java:523)
at org.testng.internal.TestInvoker.invokeTestMethod(TestInvoker.java:173)
at org.testng.internal.MethodRunner.runInSequence(MethodRunner.java:46)
at org.testng.internal.TestInvoker$MethodInvocationAgent.invoke(TestInvoker.java:816)
at org.testng.internal.TestInvoker.invokeTestMethods(TestInvoker.java:146)
at org.testng.internal.TestMethodWorker.invokeTestMethods(TestMethodWorker.java:146)
at org.testng.internal.TestMethodWorker.run(TestMethodWorker.java:128)
at java.util.ArrayList.forEach(ArrayList.java:1259)
at org.testng.TestRunner.privateRun(TestRunner.java:766)
at org.testng.TestRunner.run(TestRunner.java:587)
at org.testng.SuiteRunner.runTest(SuiteRunner.java:384)
at org.testng.SuiteRunner.runSequentially(SuiteRunner.java:378)
at org.testng.SuiteRunner.privateRun(SuiteRunner.java:337)
at org.testng.SuiteRunner.run(SuiteRunner.java:286)
at org.testng.SuiteRunnerWorker.runSuite(SuiteRunnerWorker.java:53)
at org.testng.SuiteRunnerWorker.run(SuiteRunnerWorker.java:96)
at org.testng.TestNG.runSuitesSequentially(TestNG.java:1187)
at org.testng.TestNG.runSuitesLocally(TestNG.java:1109)
at org.testng.TestNG.runSuites(TestNG.java:1039)
at org.testng.TestNG.run(TestNG.java:1007)
at org.apache.maven.surefire.testng.TestNGExecutor.run(TestNGExecutor.java:281)
at org.apache.maven.surefire.testng.TestNGXmlTestSuite.execute(TestNGXmlTestSuite.java:75)
at org.apache.maven.surefire.testng.TestNGProvider.invoke(TestNGProvider.java:121)
at org.apache.maven.surefire.booter.ForkedBooter.invokeProviderInSameClassLoader(ForkedBooter.java:290)
at org.apache.maven.surefire.booter.ForkedBooter.runSuitesInProcess(ForkedBooter.java:242)
at org.apache.maven.surefire.booter.ForkedBooter.main(ForkedBooter.java:121)
]]>
            </full-stacktrace>
          </exception> <!-- java.lang.NullPointerException -->
          <reporter-output>
          </reporter-output>
        </test-method> <!-- validateGrapesParagraph -->
        <test-method status="SKIP" signature="tearDown()[pri:0, instance:scripts._03_TGLocators@10bdf5e5]" name="tearDown" is-config="true" duration-ms="-1687384569003" started-at="2023-06-21T16:56:09 CDT" finished-at="1969-12-31T18:00:00 CST">
          <reporter-output>
          </reporter-output>
        </test-method> <!-- tearDown -->
        <test-method status="SKIP" signature="setPage()[pri:0, instance:scripts._03_TGLocators@10bdf5e5]" name="setPage" is-config="true" duration-ms="-1687384569003" started-at="2023-06-21T16:56:09 CDT" finished-at="1969-12-31T18:00:00 CST">
          <reporter-output>
          </reporter-output>
        </test-method> <!-- setPage -->
        <test-method status="SKIP" signature="setUp()[pri:0, instance:scripts._03_TGLocators@10bdf5e5]" name="setUp" is-config="true" duration-ms="-1687384680532" started-at="2023-06-21T16:58:00 CDT" finished-at="1969-12-31T18:00:00 CST">
          <reporter-output>
          </reporter-output>
        </test-method> <!-- setUp -->
        <test-method status="SKIP" signature="validateAllLinks()[pri:6, instance:scripts._03_TGLocators@10bdf5e5]" name="validateAllLinks" duration-ms="0" started-at="2023-06-21T16:58:00 CDT" finished-at="2023-06-21T16:58:00 CDT">
          <exception class="java.lang.NullPointerException">
            <full-stacktrace>
              <![CDATA[java.lang.NullPointerException
at scripts._03_TGLocators.setPage(_03_TGLocators.java:23)
at sun.reflect.NativeMethodAccessorImpl.invoke0(Native Method)
at sun.reflect.NativeMethodAccessorImpl.invoke(NativeMethodAccessorImpl.java:62)
at sun.reflect.DelegatingMethodAccessorImpl.invoke(DelegatingMethodAccessorImpl.java:43)
at java.lang.reflect.Method.invoke(Method.java:498)
at org.testng.internal.MethodInvocationHelper.invokeMethod(MethodInvocationHelper.java:134)
at org.testng.internal.MethodInvocationHelper.invokeMethodConsideringTimeout(MethodInvocationHelper.java:63)
at org.testng.internal.ConfigInvoker.invokeConfigurationMethod(ConfigInvoker.java:348)
at org.testng.internal.ConfigInvoker.invokeConfigurations(ConfigInvoker.java:302)
at org.testng.internal.TestInvoker.runConfigMethods(TestInvoker.java:695)
at org.testng.internal.TestInvoker.invokeMethod(TestInvoker.java:523)
at org.testng.internal.TestInvoker.invokeTestMethod(TestInvoker.java:173)
at org.testng.internal.MethodRunner.runInSequence(MethodRunner.java:46)
at org.testng.internal.TestInvoker$MethodInvocationAgent.invoke(TestInvoker.java:816)
at org.testng.internal.TestInvoker.invokeTestMethods(TestInvoker.java:146)
at org.testng.internal.TestMethodWorker.invokeTestMethods(TestMethodWorker.java:146)
at org.testng.internal.TestMethodWorker.run(TestMethodWorker.java:128)
at java.util.ArrayList.forEach(ArrayList.java:1259)
at org.testng.TestRunner.privateRun(TestRunner.java:766)
at org.testng.TestRunner.run(TestRunner.java:587)
at org.testng.SuiteRunner.runTest(SuiteRunner.java:384)
at org.testng.SuiteRunner.runSequentially(SuiteRunner.java:378)
at org.testng.SuiteRunner.privateRun(SuiteRunner.java:337)
at org.testng.SuiteRunner.run(SuiteRunner.java:286)
at org.testng.SuiteRunnerWorker.runSuite(SuiteRunnerWorker.java:53)
at org.testng.SuiteRunnerWorker.run(SuiteRunnerWorker.java:96)
at org.testng.TestNG.runSuitesSequentially(TestNG.java:1187)
at org.testng.TestNG.runSuitesLocally(TestNG.java:1109)
at org.testng.TestNG.runSuites(TestNG.java:1039)
at org.testng.TestNG.run(TestNG.java:1007)
at org.apache.maven.surefire.testng.TestNGExecutor.run(TestNGExecutor.java:281)
at org.apache.maven.surefire.testng.TestNGXmlTestSuite.execute(TestNGXmlTestSuite.java:75)
at org.apache.maven.surefire.testng.TestNGProvider.invoke(TestNGProvider.java:121)
at org.apache.maven.surefire.booter.ForkedBooter.invokeProviderInSameClassLoader(ForkedBooter.java:290)
at org.apache.maven.surefire.booter.ForkedBooter.runSuitesInProcess(ForkedBooter.java:242)
at org.apache.maven.surefire.booter.ForkedBooter.main(ForkedBooter.java:121)
]]>
            </full-stacktrace>
          </exception> <!-- java.lang.NullPointerException -->
          <reporter-output>
          </reporter-output>
        </test-method> <!-- validateAllLinks -->
        <test-method status="SKIP" signature="setPage()[pri:0, instance:scripts._03_TGLocators@10bdf5e5]" name="setPage" is-config="true" duration-ms="-1687384680533" started-at="2023-06-21T16:58:00 CDT" finished-at="1969-12-31T18:00:00 CST">
          <reporter-output>
          </reporter-output>
        </test-method> <!-- setPage -->
        <test-method status="SKIP" signature="setUp()[pri:0, instance:scripts._03_TGLocators@10bdf5e5]" name="setUp" is-config="true" duration-ms="-1687384680533" started-at="2023-06-21T16:58:00 CDT" finished-at="1969-12-31T18:00:00 CST">
          <reporter-output>
          </reporter-output>
        </test-method> <!-- setUp -->
        <test-method status="SKIP" signature="validateRedAppleLink()[pri:5, instance:scripts._03_TGLocators@10bdf5e5]" name="validateRedAppleLink" duration-ms="0" started-at="2023-06-21T16:58:00 CDT" finished-at="2023-06-21T16:58:00 CDT">
          <exception class="java.lang.NullPointerException">
            <full-stacktrace>
              <![CDATA[java.lang.NullPointerException
at scripts._03_TGLocators.setPage(_03_TGLocators.java:23)
at sun.reflect.NativeMethodAccessorImpl.invoke0(Native Method)
at sun.reflect.NativeMethodAccessorImpl.invoke(NativeMethodAccessorImpl.java:62)
at sun.reflect.DelegatingMethodAccessorImpl.invoke(DelegatingMethodAccessorImpl.java:43)
at java.lang.reflect.Method.invoke(Method.java:498)
at org.testng.internal.MethodInvocationHelper.invokeMethod(MethodInvocationHelper.java:134)
at org.testng.internal.MethodInvocationHelper.invokeMethodConsideringTimeout(MethodInvocationHelper.java:63)
at org.testng.internal.ConfigInvoker.invokeConfigurationMethod(ConfigInvoker.java:348)
at org.testng.internal.ConfigInvoker.invokeConfigurations(ConfigInvoker.java:302)
at org.testng.internal.TestInvoker.runConfigMethods(TestInvoker.java:695)
at org.testng.internal.TestInvoker.invokeMethod(TestInvoker.java:523)
at org.testng.internal.TestInvoker.invokeTestMethod(TestInvoker.java:173)
at org.testng.internal.MethodRunner.runInSequence(MethodRunner.java:46)
at org.testng.internal.TestInvoker$MethodInvocationAgent.invoke(TestInvoker.java:816)
at org.testng.internal.TestInvoker.invokeTestMethods(TestInvoker.java:146)
at org.testng.internal.TestMethodWorker.invokeTestMethods(TestMethodWorker.java:146)
at org.testng.internal.TestMethodWorker.run(TestMethodWorker.java:128)
at java.util.ArrayList.forEach(ArrayList.java:1259)
at org.testng.TestRunner.privateRun(TestRunner.java:766)
at org.testng.TestRunner.run(TestRunner.java:587)
at org.testng.SuiteRunner.runTest(SuiteRunner.java:384)
at org.testng.SuiteRunner.runSequentially(SuiteRunner.java:378)
at org.testng.SuiteRunner.privateRun(SuiteRunner.java:337)
at org.testng.SuiteRunner.run(SuiteRunner.java:286)
at org.testng.SuiteRunnerWorker.runSuite(SuiteRunnerWorker.java:53)
at org.testng.SuiteRunnerWorker.run(SuiteRunnerWorker.java:96)
at org.testng.TestNG.runSuitesSequentially(TestNG.java:1187)
at org.testng.TestNG.runSuitesLocally(TestNG.java:1109)
at org.testng.TestNG.runSuites(TestNG.java:1039)
at org.testng.TestNG.run(TestNG.java:1007)
at org.apache.maven.surefire.testng.TestNGExecutor.run(TestNGExecutor.java:281)
at org.apache.maven.surefire.testng.TestNGXmlTestSuite.execute(TestNGXmlTestSuite.java:75)
at org.apache.maven.surefire.testng.TestNGProvider.invoke(TestNGProvider.java:121)
at org.apache.maven.surefire.booter.ForkedBooter.invokeProviderInSameClassLoader(ForkedBooter.java:290)
at org.apache.maven.surefire.booter.ForkedBooter.runSuitesInProcess(ForkedBooter.java:242)
at org.apache.maven.surefire.booter.ForkedBooter.main(ForkedBooter.java:121)
]]>
            </full-stacktrace>
          </exception> <!-- java.lang.NullPointerException -->
          <reporter-output>
          </reporter-output>
        </test-method> <!-- validateRedAppleLink -->
        <test-method status="SKIP" signature="tearDown()[pri:0, instance:scripts._03_TGLocators@10bdf5e5]" name="tearDown" is-config="true" duration-ms="-1687384680533" started-at="2023-06-21T16:58:00 CDT" finished-at="1969-12-31T18:00:00 CST">
          <reporter-output>
          </reporter-output>
        </test-method> <!-- tearDown -->
        <test-method status="SKIP" signature="setPage()[pri:0, instance:scripts._03_TGLocators@10bdf5e5]" name="setPage" is-config="true" duration-ms="-1687384680533" started-at="2023-06-21T16:58:00 CDT" finished-at="1969-12-31T18:00:00 CST">
          <reporter-output>
          </reporter-output>
        </test-method> <!-- setPage -->
        <test-method status="SKIP" signature="tearDown()[pri:0, instance:scripts._03_TGLocators@10bdf5e5]" name="tearDown" is-config="true" duration-ms="-1687384680534" started-at="2023-06-21T16:58:00 CDT" finished-at="1969-12-31T18:00:00 CST">
          <reporter-output>
          </reporter-output>
        </test-method> <!-- tearDown -->
      </class> <!-- scripts._03_TGLocators -->
      <class name="scripts._02_AppleTest">
        <test-method status="PASS" signature="setUp()[pri:0, instance:scripts._02_AppleTest@148080bb]" name="setUp" is-config="true" duration-ms="4957" started-at="2023-06-21T16:55:02 CDT" finished-at="2023-06-21T16:55:06 CDT">
          <reporter-output>
          </reporter-output>
        </test-method> <!-- setUp -->
        <test-method status="PASS" signature="validateTitleAndURL()[pri:0, instance:scripts._02_AppleTest@148080bb]" name="validateTitleAndURL" duration-ms="784" started-at="2023-06-21T16:55:06 CDT" finished-at="2023-06-21T16:55:07 CDT">
          <reporter-output>
          </reporter-output>
        </test-method> <!-- validateTitleAndURL -->
        <test-method status="PASS" signature="tearDown()[pri:0, instance:scripts._02_AppleTest@148080bb]" name="tearDown" is-config="true" duration-ms="3001" started-at="2023-06-21T16:55:07 CDT" finished-at="2023-06-21T16:55:10 CDT">
          <reporter-output>
          </reporter-output>
        </test-method> <!-- tearDown -->
      </class> <!-- scripts._02_AppleTest -->
      <class name="scripts._14_MultipleWindows">
        <test-method status="PASS" signature="setUp()[pri:0, instance:scripts._14_MultipleWindows@31610302]" name="setUp" is-config="true" duration-ms="4122" started-at="2023-06-21T16:55:22 CDT" finished-at="2023-06-21T16:55:26 CDT">
          <reporter-output>
          </reporter-output>
        </test-method> <!-- setUp -->
        <test-method status="PASS" signature="setPage()[pri:0, instance:scripts._14_MultipleWindows@31610302]" name="setPage" is-config="true" duration-ms="1082" started-at="2023-06-21T16:55:26 CDT" finished-at="2023-06-21T16:55:27 CDT">
          <reporter-output>
          </reporter-output>
        </test-method> <!-- setPage -->
        <test-method status="FAIL" signature="validateAppleNavigation()[pri:0, instance:scripts._14_MultipleWindows@31610302]" name="validateAppleNavigation" duration-ms="30289" started-at="2023-06-21T16:55:27 CDT" finished-at="2023-06-21T16:55:58 CDT">
          <exception class="org.openqa.selenium.NoSuchElementException">
            <message>
              <![CDATA[no such element: Unable to locate element: {"method":"css selector","selector":".globalnav-link-apple"}
  (Session info: chrome=114.0.5735.134)
For documentation on this error, please visit: https://www.seleniumhq.org/exceptions/no_such_element.html
Build info: version: '3.141.59', revision: 'e82be7d358', time: '2018-11-14T08:17:03'
System info: host: 'STP-R90Z23DY', ip: '192.168.1.11', os.name: 'Windows 10', os.arch: 'amd64', os.version: '10.0', java.version: '1.8.0_341'
Driver info: org.openqa.selenium.chrome.ChromeDriver
Capabilities {acceptInsecureCerts: false, browserName: chrome, browserVersion: 114.0.5735.134, chrome: {chromedriverVersion: 114.0.5735.90 (386bc09e8f4f..., userDataDir: C:\Users\STP\AppData\Local\...}, goog:chromeOptions: {debuggerAddress: localhost:64126}, javascriptEnabled: true, networkConnectionEnabled: false, pageLoadStrategy: normal, platform: WINDOWS, platformName: WINDOWS, proxy: Proxy(), setWindowRect: true, strictFileInteractability: false, timeouts: {implicit: 0, pageLoad: 300000, script: 30000}, unhandledPromptBehavior: dismiss and notify, webauthn:extension:credBlob: true, webauthn:extension:largeBlob: true, webauthn:extension:minPinLength: true, webauthn:extension:prf: true, webauthn:virtualAuthenticators: true}
Session ID: e3111564edee808696f9675bf22ee7e0
*** Element info: {Using=css selector, value=.globalnav-link-apple}]]>
            </message>
            <full-stacktrace>
              <![CDATA[org.openqa.selenium.NoSuchElementException: no such element: Unable to locate element: {"method":"css selector","selector":".globalnav-link-apple"}
  (Session info: chrome=114.0.5735.134)
For documentation on this error, please visit: https://www.seleniumhq.org/exceptions/no_such_element.html
Build info: version: '3.141.59', revision: 'e82be7d358', time: '2018-11-14T08:17:03'
System info: host: 'STP-R90Z23DY', ip: '192.168.1.11', os.name: 'Windows 10', os.arch: 'amd64', os.version: '10.0', java.version: '1.8.0_341'
Driver info: org.openqa.selenium.chrome.ChromeDriver
Capabilities {acceptInsecureCerts: false, browserName: chrome, browserVersion: 114.0.5735.134, chrome: {chromedriverVersion: 114.0.5735.90 (386bc09e8f4f..., userDataDir: C:\Users\STP\AppData\Local\...}, goog:chromeOptions: {debuggerAddress: localhost:64126}, javascriptEnabled: true, networkConnectionEnabled: false, pageLoadStrategy: normal, platform: WINDOWS, platformName: WINDOWS, proxy: Proxy(), setWindowRect: true, strictFileInteractability: false, timeouts: {implicit: 0, pageLoad: 300000, script: 30000}, unhandledPromptBehavior: dismiss and notify, webauthn:extension:credBlob: true, webauthn:extension:largeBlob: true, webauthn:extension:minPinLength: true, webauthn:extension:prf: true, webauthn:virtualAuthenticators: true}
Session ID: e3111564edee808696f9675bf22ee7e0
*** Element info: {Using=css selector, value=.globalnav-link-apple}
at sun.reflect.NativeConstructorAccessorImpl.newInstance0(Native Method)
at sun.reflect.NativeConstructorAccessorImpl.newInstance(NativeConstructorAccessorImpl.java:62)
at sun.reflect.DelegatingConstructorAccessorImpl.newInstance(DelegatingConstructorAccessorImpl.java:45)
at java.lang.reflect.Constructor.newInstance(Constructor.java:423)
at org.openqa.selenium.remote.http.W3CHttpResponseCodec.createException(W3CHttpResponseCodec.java:187)
at org.openqa.selenium.remote.http.W3CHttpResponseCodec.decode(W3CHttpResponseCodec.java:122)
at org.openqa.selenium.remote.http.W3CHttpResponseCodec.decode(W3CHttpResponseCodec.java:49)
at org.openqa.selenium.remote.HttpCommandExecutor.execute(HttpCommandExecutor.java:158)
at org.openqa.selenium.remote.service.DriverCommandExecutor.execute(DriverCommandExecutor.java:83)
at org.openqa.selenium.remote.RemoteWebDriver.execute(RemoteWebDriver.java:552)
at org.openqa.selenium.remote.RemoteWebDriver.findElement(RemoteWebDriver.java:323)
at org.openqa.selenium.remote.RemoteWebDriver.findElementByCssSelector(RemoteWebDriver.java:420)
at org.openqa.selenium.By$ByCssSelector.findElement(By.java:431)
at org.openqa.selenium.remote.RemoteWebDriver.findElement(RemoteWebDriver.java:315)
at scripts._14_MultipleWindows.validateAppleNavigation(_14_MultipleWindows.java:46)
at sun.reflect.NativeMethodAccessorImpl.invoke0(Native Method)
at sun.reflect.NativeMethodAccessorImpl.invoke(NativeMethodAccessorImpl.java:62)
at sun.reflect.DelegatingMethodAccessorImpl.invoke(DelegatingMethodAccessorImpl.java:43)
at java.lang.reflect.Method.invoke(Method.java:498)
at org.testng.internal.MethodInvocationHelper.invokeMethod(MethodInvocationHelper.java:134)
at org.testng.internal.TestInvoker.invokeMethod(TestInvoker.java:597)
at org.testng.internal.TestInvoker.invokeTestMethod(TestInvoker.java:173)
at org.testng.internal.MethodRunner.runInSequence(MethodRunner.java:46)
at org.testng.internal.TestInvoker$MethodInvocationAgent.invoke(TestInvoker.java:816)
at org.testng.internal.TestInvoker.invokeTestMethods(TestInvoker.java:146)
at org.testng.internal.TestMethodWorker.invokeTestMethods(TestMethodWorker.java:146)
at org.testng.internal.TestMethodWorker.run(TestMethodWorker.java:128)
at java.util.ArrayList.forEach(ArrayList.java:1259)
at org.testng.TestRunner.privateRun(TestRunner.java:766)
at org.testng.TestRunner.run(TestRunner.java:587)
at org.testng.SuiteRunner.runTest(SuiteRunner.java:384)
at org.testng.SuiteRunner.runSequentially(SuiteRunner.java:378)
at org.testng.SuiteRunner.privateRun(SuiteRunner.java:337)
at org.testng.SuiteRunner.run(SuiteRunner.java:286)
at org.testng.SuiteRunnerWorker.runSuite(SuiteRunnerWorker.java:53)
at org.testng.SuiteRunnerWorker.run(SuiteRunnerWorker.java:96)
at org.testng.TestNG.runSuitesSequentially(TestNG.java:1187)
at org.testng.TestNG.runSuitesLocally(TestNG.java:1109)
at org.testng.TestNG.runSuites(TestNG.java:1039)
at org.testng.TestNG.run(TestNG.java:1007)
at org.apache.maven.surefire.testng.TestNGExecutor.run(TestNGExecutor.java:281)
at org.apache.maven.surefire.testng.TestNGXmlTestSuite.execute(TestNGXmlTestSuite.java:75)
at org.apache.maven.surefire.testng.TestNGProvider.invoke(TestNGProvider.java:121)
at org.apache.maven.surefire.booter.ForkedBooter.invokeProviderInSameClassLoader(ForkedBooter.java:290)
at org.apache.maven.surefire.booter.ForkedBooter.runSuitesInProcess(ForkedBooter.java:242)
at org.apache.maven.surefire.booter.ForkedBooter.main(ForkedBooter.java:121)
]]>
            </full-stacktrace>
          </exception> <!-- org.openqa.selenium.NoSuchElementException -->
          <reporter-output>
          </reporter-output>
        </test-method> <!-- validateAppleNavigation -->
        <test-method status="PASS" signature="tearDown()[pri:0, instance:scripts._14_MultipleWindows@31610302]" name="tearDown" is-config="true" duration-ms="664" started-at="2023-06-21T16:55:58 CDT" finished-at="2023-06-21T16:55:58 CDT">
          <reporter-output>
          </reporter-output>
        </test-method> <!-- tearDown -->
        <test-method status="PASS" signature="setUp()[pri:0, instance:scripts._14_MultipleWindows@31610302]" name="setUp" is-config="true" duration-ms="4182" started-at="2023-06-21T16:55:58 CDT" finished-at="2023-06-21T16:56:02 CDT">
          <reporter-output>
          </reporter-output>
        </test-method> <!-- setUp -->
        <test-method status="PASS" signature="setPage()[pri:0, instance:scripts._14_MultipleWindows@31610302]" name="setPage" is-config="true" duration-ms="1305" started-at="2023-06-21T16:56:02 CDT" finished-at="2023-06-21T16:56:04 CDT">
          <reporter-output>
          </reporter-output>
        </test-method> <!-- setPage -->
        <test-method status="PASS" signature="validateMicrosoftNavigation()[pri:2, instance:scripts._14_MultipleWindows@31610302]" name="validateMicrosoftNavigation" duration-ms="2631" started-at="2023-06-21T16:56:04 CDT" description="TC322 Validate the Microsoft navigation" finished-at="2023-06-21T16:56:06 CDT">
          <reporter-output>
          </reporter-output>
        </test-method> <!-- validateMicrosoftNavigation -->
        <test-method status="PASS" signature="tearDown()[pri:0, instance:scripts._14_MultipleWindows@31610302]" name="tearDown" is-config="true" duration-ms="2196" started-at="2023-06-21T16:56:06 CDT" finished-at="2023-06-21T16:56:09 CDT">
          <reporter-output>
          </reporter-output>
        </test-method> <!-- tearDown -->
        <test-method status="PASS" signature="setUp()[pri:0, instance:scripts._14_MultipleWindows@31610302]" name="setUp" is-config="true" duration-ms="3906" started-at="2023-06-21T16:56:09 CDT" finished-at="2023-06-21T16:56:12 CDT">
          <reporter-output>
          </reporter-output>
        </test-method> <!-- setUp -->
        <test-method status="PASS" signature="setPage()[pri:0, instance:scripts._14_MultipleWindows@31610302]" name="setPage" is-config="true" duration-ms="1195" started-at="2023-06-21T16:56:12 CDT" finished-at="2023-06-21T16:56:14 CDT">
          <reporter-output>
          </reporter-output>
        </test-method> <!-- setPage -->
        <test-method status="PASS" signature="validateTheTeslaNavigation()[pri:3, instance:scripts._14_MultipleWindows@31610302]" name="validateTheTeslaNavigation" duration-ms="3607" started-at="2023-06-21T16:56:14 CDT" description="TC323 Validate the Tesla navigation" finished-at="2023-06-21T16:56:17 CDT">
          <reporter-output>
          </reporter-output>
        </test-method> <!-- validateTheTeslaNavigation -->
        <test-method status="PASS" signature="tearDown()[pri:0, instance:scripts._14_MultipleWindows@31610302]" name="tearDown" is-config="true" duration-ms="915" started-at="2023-06-21T16:56:17 CDT" finished-at="2023-06-21T16:56:18 CDT">
          <reporter-output>
          </reporter-output>
        </test-method> <!-- tearDown -->
        <test-method status="PASS" signature="setUp()[pri:0, instance:scripts._14_MultipleWindows@31610302]" name="setUp" is-config="true" duration-ms="6163" started-at="2023-06-21T16:56:18 CDT" finished-at="2023-06-21T16:56:24 CDT">
          <reporter-output>
          </reporter-output>
        </test-method> <!-- setUp -->
        <test-method status="PASS" signature="setPage()[pri:0, instance:scripts._14_MultipleWindows@31610302]" name="setPage" is-config="true" duration-ms="1287" started-at="2023-06-21T16:56:24 CDT" finished-at="2023-06-21T16:56:26 CDT">
          <reporter-output>
          </reporter-output>
        </test-method> <!-- setPage -->
        <test-method status="PASS" signature="validateTheLinkURLs()[pri:4, instance:scripts._14_MultipleWindows@31610302]" name="validateTheLinkURLs" duration-ms="21098" started-at="2023-06-21T16:56:26 CDT" description="Validate link URLs" finished-at="2023-06-21T16:56:47 CDT">
          <reporter-output>
          </reporter-output>
        </test-method> <!-- validateTheLinkURLs -->
        <test-method status="PASS" signature="tearDown()[pri:0, instance:scripts._14_MultipleWindows@31610302]" name="tearDown" is-config="true" duration-ms="766" started-at="2023-06-21T16:56:47 CDT" finished-at="2023-06-21T16:56:47 CDT">
          <reporter-output>
          </reporter-output>
        </test-method> <!-- tearDown -->
      </class> <!-- scripts._14_MultipleWindows -->
      <class name="scripts._09_TGCheckboxTest">
        <test-method status="PASS" signature="setUp()[pri:0, instance:scripts._09_TGCheckboxTest@60c6f5b]" name="setUp" is-config="true" duration-ms="4466" started-at="2023-06-21T16:52:12 CDT" finished-at="2023-06-21T16:52:16 CDT">
          <reporter-output>
          </reporter-output>
        </test-method> <!-- setUp -->
        <test-method status="PASS" signature="setPage()[pri:0, instance:scripts._09_TGCheckboxTest@60c6f5b]" name="setPage" is-config="true" duration-ms="1353" started-at="2023-06-21T16:52:16 CDT" finished-at="2023-06-21T16:52:17 CDT">
          <reporter-output>
          </reporter-output>
        </test-method> <!-- setPage -->
        <test-method status="PASS" signature="validateAllCheckboxes()[pri:0, instance:scripts._09_TGCheckboxTest@60c6f5b]" name="validateAllCheckboxes" duration-ms="483" started-at="2023-06-21T16:52:17 CDT" finished-at="2023-06-21T16:52:18 CDT">
          <reporter-output>
          </reporter-output>
        </test-method> <!-- validateAllCheckboxes -->
        <test-method status="PASS" signature="tearDown()[pri:0, instance:scripts._09_TGCheckboxTest@60c6f5b]" name="tearDown" is-config="true" duration-ms="741" started-at="2023-06-21T16:52:18 CDT" finished-at="2023-06-21T16:52:19 CDT">
          <reporter-output>
          </reporter-output>
        </test-method> <!-- tearDown -->
        <test-method status="PASS" signature="setUp()[pri:0, instance:scripts._09_TGCheckboxTest@60c6f5b]" name="setUp" is-config="true" duration-ms="3610" started-at="2023-06-21T16:52:19 CDT" finished-at="2023-06-21T16:52:22 CDT">
          <reporter-output>
          </reporter-output>
        </test-method> <!-- setUp -->
        <test-method status="PASS" signature="setPage()[pri:0, instance:scripts._09_TGCheckboxTest@60c6f5b]" name="setPage" is-config="true" duration-ms="1163" started-at="2023-06-21T16:52:22 CDT" finished-at="2023-06-21T16:52:23 CDT">
          <reporter-output>
          </reporter-output>
        </test-method> <!-- setPage -->
        <test-method status="PASS" signature="validateOtherBoxes()[pri:0, instance:scripts._09_TGCheckboxTest@60c6f5b]" name="validateOtherBoxes" duration-ms="436" started-at="2023-06-21T16:52:23 CDT" finished-at="2023-06-21T16:52:24 CDT">
          <reporter-output>
          </reporter-output>
        </test-method> <!-- validateOtherBoxes -->
        <test-method status="PASS" signature="tearDown()[pri:0, instance:scripts._09_TGCheckboxTest@60c6f5b]" name="tearDown" is-config="true" duration-ms="746" started-at="2023-06-21T16:52:24 CDT" finished-at="2023-06-21T16:52:25 CDT">
          <reporter-output>
          </reporter-output>
        </test-method> <!-- tearDown -->
      </class> <!-- scripts._09_TGCheckboxTest -->
      <class name="scripts.TGFrontendTestingHomeTest">
        <test-method status="PASS" signature="setUp()[pri:0, instance:scripts.TGFrontendTestingHomeTest@64bf3bbf]" name="setUp" is-config="true" duration-ms="4182" started-at="2023-06-21T16:53:45 CDT" finished-at="2023-06-21T16:53:49 CDT">
          <reporter-output>
          </reporter-output>
        </test-method> <!-- setUp -->
        <test-method status="PASS" signature="setPage()[pri:0, instance:scripts.TGFrontendTestingHomeTest@64bf3bbf]" name="setPage" is-config="true" duration-ms="3" started-at="2023-06-21T16:53:49 CDT" finished-at="2023-06-21T16:53:49 CDT">
          <reporter-output>
          </reporter-output>
        </test-method> <!-- setPage -->
        <test-method status="FAIL" signature="validateFrontendTestingURL()[pri:2, instance:scripts.TGFrontendTestingHomeTest@64bf3bbf]" name="validateFrontendTestingURL" duration-ms="30309" started-at="2023-06-21T16:53:49 CDT" description="Validate URL" finished-at="2023-06-21T16:54:19 CDT">
          <exception class="java.lang.IndexOutOfBoundsException">
            <message>
              <![CDATA[Index: 0, Size: 0]]>
            </message>
            <full-stacktrace>
              <![CDATA[java.lang.IndexOutOfBoundsException: Index: 0, Size: 0
at java.util.ArrayList.rangeCheck(ArrayList.java:659)
at java.util.ArrayList.get(ArrayList.java:435)
at sun.reflect.NativeMethodAccessorImpl.invoke0(Native Method)
at sun.reflect.NativeMethodAccessorImpl.invoke(NativeMethodAccessorImpl.java:62)
at sun.reflect.DelegatingMethodAccessorImpl.invoke(DelegatingMethodAccessorImpl.java:43)
at java.lang.reflect.Method.invoke(Method.java:498)
at org.openqa.selenium.support.pagefactory.internal.LocatingElementListHandler.invoke(LocatingElementListHandler.java:39)
at com.sun.proxy.$Proxy8.get(Unknown Source)
at pages.TGFrontendTestingHomePage.getFrontendTestingPage(TGFrontendTestingHomePage.java:21)
at scripts.TGFrontendTestingHomeTest.validateFrontendTestingURL(TGFrontendTestingHomeTest.java:54)
at sun.reflect.NativeMethodAccessorImpl.invoke0(Native Method)
at sun.reflect.NativeMethodAccessorImpl.invoke(NativeMethodAccessorImpl.java:62)
at sun.reflect.DelegatingMethodAccessorImpl.invoke(DelegatingMethodAccessorImpl.java:43)
at java.lang.reflect.Method.invoke(Method.java:498)
at org.testng.internal.MethodInvocationHelper.invokeMethod(MethodInvocationHelper.java:134)
at org.testng.internal.TestInvoker.invokeMethod(TestInvoker.java:597)
at org.testng.internal.TestInvoker.invokeTestMethod(TestInvoker.java:173)
at org.testng.internal.MethodRunner.runInSequence(MethodRunner.java:46)
at org.testng.internal.TestInvoker$MethodInvocationAgent.invoke(TestInvoker.java:816)
at org.testng.internal.TestInvoker.invokeTestMethods(TestInvoker.java:146)
at org.testng.internal.TestMethodWorker.invokeTestMethods(TestMethodWorker.java:146)
at org.testng.internal.TestMethodWorker.run(TestMethodWorker.java:128)
at java.util.ArrayList.forEach(ArrayList.java:1259)
at org.testng.TestRunner.privateRun(TestRunner.java:766)
at org.testng.TestRunner.run(TestRunner.java:587)
at org.testng.SuiteRunner.runTest(SuiteRunner.java:384)
at org.testng.SuiteRunner.runSequentially(SuiteRunner.java:378)
at org.testng.SuiteRunner.privateRun(SuiteRunner.java:337)
at org.testng.SuiteRunner.run(SuiteRunner.java:286)
at org.testng.SuiteRunnerWorker.runSuite(SuiteRunnerWorker.java:53)
at org.testng.SuiteRunnerWorker.run(SuiteRunnerWorker.java:96)
at org.testng.TestNG.runSuitesSequentially(TestNG.java:1187)
at org.testng.TestNG.runSuitesLocally(TestNG.java:1109)
at org.testng.TestNG.runSuites(TestNG.java:1039)
at org.testng.TestNG.run(TestNG.java:1007)
at org.apache.maven.surefire.testng.TestNGExecutor.run(TestNGExecutor.java:281)
at org.apache.maven.surefire.testng.TestNGXmlTestSuite.execute(TestNGXmlTestSuite.java:75)
at org.apache.maven.surefire.testng.TestNGProvider.invoke(TestNGProvider.java:121)
at org.apache.maven.surefire.booter.ForkedBooter.invokeProviderInSameClassLoader(ForkedBooter.java:290)
at org.apache.maven.surefire.booter.ForkedBooter.runSuitesInProcess(ForkedBooter.java:242)
at org.apache.maven.surefire.booter.ForkedBooter.main(ForkedBooter.java:121)
]]>
            </full-stacktrace>
          </exception> <!-- java.lang.IndexOutOfBoundsException -->
          <reporter-output>
          </reporter-output>
        </test-method> <!-- validateFrontendTestingURL -->
        <test-method status="PASS" signature="tearDown()[pri:0, instance:scripts.TGFrontendTestingHomeTest@64bf3bbf]" name="tearDown" is-config="true" duration-ms="687" started-at="2023-06-21T16:54:19 CDT" finished-at="2023-06-21T16:54:20 CDT">
          <reporter-output>
          </reporter-output>
        </test-method> <!-- tearDown -->
      </class> <!-- scripts.TGFrontendTestingHomeTest -->
      <class name="scripts._10_TGRadioButtonsTest">
        <test-method status="PASS" signature="setUp()[pri:0, instance:scripts._10_TGRadioButtonsTest@2038ae61]" name="setUp" is-config="true" duration-ms="3893" started-at="2023-06-21T16:52:25 CDT" finished-at="2023-06-21T16:52:29 CDT">
          <reporter-output>
          </reporter-output>
        </test-method> <!-- setUp -->
        <test-method status="PASS" signature="setPage()[pri:0, instance:scripts._10_TGRadioButtonsTest@2038ae61]" name="setPage" is-config="true" duration-ms="982" started-at="2023-06-21T16:52:29 CDT" finished-at="2023-06-21T16:52:30 CDT">
          <reporter-output>
          </reporter-output>
        </test-method> <!-- setPage -->
        <test-method status="PASS" signature="validateRadioButtons()[pri:0, instance:scripts._10_TGRadioButtonsTest@2038ae61]" name="validateRadioButtons" duration-ms="489" started-at="2023-06-21T16:52:30 CDT" finished-at="2023-06-21T16:52:30 CDT">
          <reporter-output>
          </reporter-output>
        </test-method> <!-- validateRadioButtons -->
        <test-method status="PASS" signature="tearDown()[pri:0, instance:scripts._10_TGRadioButtonsTest@2038ae61]" name="tearDown" is-config="true" duration-ms="747" started-at="2023-06-21T16:52:30 CDT" finished-at="2023-06-21T16:52:31 CDT">
          <reporter-output>
          </reporter-output>
        </test-method> <!-- tearDown -->
      </class> <!-- scripts._10_TGRadioButtonsTest -->
    </test> <!-- All Functionalities -->
  </suite> <!-- Regression -->
</testng-results>
