<?xml version="1.0" encoding="UTF-8"?>
<testsuite xmlns:xsi="http://www.w3.org/2001/XMLSchema-instance" xsi:schemaLocation="https://maven.apache.org/surefire/maven-surefire-plugin/xsd/surefire-test-report.xsd" name="TestSuite" time="454.116" tests="57" errors="0" skipped="18" failures="5">
  <properties>
[...]
</properties>
  <testcase name="validateBoxes" classname="scripts._07_TGDynamicTest" time="0.148"/>
  <testcase name="validateDynamicElementBox1" classname="scripts._07_TGDynamicTest" time="0.088"/>
  <testcase name="validateDynamicElementBox2" classname="scripts._07_TGDynamicTest" time="0.082"/>
  <testcase name="validateWaitBlueBox" classname="scripts._08_TGWaitsTest" time="30.143">
    <failure message="no such element: Unable to locate element: {&quot;method&quot;:&quot;css selector&quot;,&quot;selector&quot;:&quot;button[class$=&apos;box&apos;]&quot;}&#10;  (Session info: chrome=114.0.5735.134)&#10;For documentation on this error, please visit: https://www.seleniumhq.org/exceptions/no_such_element.html&#10;Build info: version: &apos;3.141.59&apos;, revision: &apos;e82be7d358&apos;, time: &apos;2018-11-14T08:17:03&apos;&#10;System info: host: &apos;STP-R90Z23DY&apos;, ip: &apos;192.168.1.11&apos;, os.name: &apos;Windows 10&apos;, os.arch: &apos;amd64&apos;, os.version: &apos;10.0&apos;, java.version: &apos;1.8.0_341&apos;&#10;Driver info: org.openqa.selenium.chrome.ChromeDriver&#10;Capabilities {acceptInsecureCerts: false, browserName: chrome, browserVersion: 114.0.5735.134, chrome: {chromedriverVersion: 114.0.5735.90 (386bc09e8f4f..., userDataDir: C:\Users\STP\AppData\Local\...}, goog:chromeOptions: {debuggerAddress: localhost:63516}, javascriptEnabled: true, networkConnectionEnabled: false, pageLoadStrategy: normal, platform: WINDOWS, platformName: WINDOWS, proxy: Proxy(), setWindowRect: true, strictFileInteractability: false, timeouts: {implicit: 0, pageLoad: 300000, script: 30000}, unhandledPromptBehavior: dismiss and notify, webauthn:extension:credBlob: true, webauthn:extension:largeBlob: true, webauthn:extension:minPinLength: true, webauthn:extension:prf: true, webauthn:virtualAuthenticators: true}&#10;Session ID: c676199b5d732c31479a3548d7e5bfde&#10;*** Element info: {Using=css selector, value=button[class$=&apos;box&apos;]}" type="org.openqa.selenium.NoSuchElementException">org.openqa.selenium.NoSuchElementException: 
no such element: Unable to locate element: {"method":"css selector","selector":"button[class$='box']"}
  (Session info: chrome=114.0.5735.134)
For documentation on this error, please visit: https://www.seleniumhq.org/exceptions/no_such_element.html
Build info: version: '3.141.59', revision: 'e82be7d358', time: '2018-11-14T08:17:03'
System info: host: 'STP-R90Z23DY', ip: '192.168.1.11', os.name: 'Windows 10', os.arch: 'amd64', os.version: '10.0', java.version: '1.8.0_341'
Driver info: org.openqa.selenium.chrome.ChromeDriver
Capabilities {acceptInsecureCerts: false, browserName: chrome, browserVersion: 114.0.5735.134, chrome: {chromedriverVersion: 114.0.5735.90 (386bc09e8f4f..., userDataDir: C:\Users\STP\AppData\Local\...}, goog:chromeOptions: {debuggerAddress: localhost:63516}, javascriptEnabled: true, networkConnectionEnabled: false, pageLoadStrategy: normal, platform: WINDOWS, platformName: WINDOWS, proxy: Proxy(), setWindowRect: true, strictFileInteractability: false, timeouts: {implicit: 0, pageLoad: 300000, script: 30000}, unhandledPromptBehavior: dismiss and notify, webauthn:extension:credBlob: true, webauthn:extension:largeBlob: true, webauthn:extension:minPinLength: true, webauthn:extension:prf: true, webauthn:virtualAuthenticators: true}
Session ID: c676199b5d732c31479a3548d7e5bfde
*** Element info: {Using=css selector, value=button[class$='box']}
	at scripts._08_TGWaitsTest.validateWaitBlueBox(_08_TGWaitsTest.java:42)
</failure>
    <system-err><![CDATA[Starting ChromeDriver 114.0.5735.90 (386bc09e8f4f2e025eddae123f36f6263096ae49-refs/branch-heads/5735@{#1052}) on port 43564
Only local connections are allowed.
Please see https://chromedriver.chromium.org/security-considerations for suggestions on keeping ChromeDriver safe.
ChromeDriver was started successfully.
Jun 21, 2023 4:51:22 PM org.openqa.selenium.remote.ProtocolHandshake createSession
INFO: Detected dialect: W3C
]]></system-err>
  </testcase>
  <testcase name="validateWaitRedBox" classname="scripts._08_TGWaitsTest" time="10.21"/>
  <testcase name="validateAllCheckboxes" classname="scripts._09_TGCheckboxTest" time="0.483"/>
  <testcase name="validateOtherBoxes" classname="scripts._09_TGCheckboxTest" time="0.437"/>
  <testcase name="validateRadioButtons" classname="scripts._10_TGRadioButtonsTest" time="0.488"/>
  <testcase name="colorDropdownTest" classname="scripts._11_TGDropdownsTest" time="2.487"/>
  <testcase name="productDropdownTest" classname="scripts._11_TGDropdownsTest" time="2.157"/>
  <testcase name="shipmentType" classname="scripts._11_TGDropdownsTest" time="2.175"/>
  <testcase name="validateDropdowns" classname="scripts._11_TGDropdownsTest" time="2.656"/>
  <testcase name="confirmationAlert" classname="scripts._12_TGAlertsTest" time="12.199"/>
  <testcase name="promptAlertTest" classname="scripts._12_TGAlertsTest" time="0.354"/>
  <testcase name="warningAlert" classname="scripts._12_TGAlertsTest" time="4.138"/>
  <testcase name="validateTheParagraph" classname="scripts._13_IFrameTest" time="0.344"/>
  <testcase name="validateFrontendTestingURL" classname="scripts.TGFrontendTestingHomeTest" time="30.31">
    <failure message="Index: 0, Size: 0" type="java.lang.IndexOutOfBoundsException">java.lang.IndexOutOfBoundsException: Index: 0, Size: 0
	at scripts.TGFrontendTestingHomeTest.validateFrontendTestingURL(TGFrontendTestingHomeTest.java:54)
</failure>
    <system-err><![CDATA[Starting ChromeDriver 114.0.5735.90 (386bc09e8f4f2e025eddae123f36f6263096ae49-refs/branch-heads/5735@{#1052}) on port 12801
Only local connections are allowed.
Please see https://chromedriver.chromium.org/security-considerations for suggestions on keeping ChromeDriver safe.
ChromeDriver was started successfully.
Jun 21, 2023 4:53:47 PM org.openqa.selenium.remote.ProtocolHandshake createSession
INFO: Detected dialect: W3C
]]></system-err>
  </testcase>
  <testcase name="validateNavigation" classname="scripts._01_GoogleTest" time="17.553"/>
  <testcase name="validateSearchButton" classname="scripts._01_GoogleTest" time="0.152"/>
  <testcase name="validateTitleAndURL" classname="scripts._01_GoogleTest" time="0.042"/>
  <testcase name="validateTitleAndURL" classname="scripts._02_AppleTest" time="0.783"/>
  <testcase name="validateTechGlobalLogo" classname="scripts._03_5_TGLogoTest" time="0.197"/>
  <testcase name="setPage" classname="scripts._03_TGLocators" time="4.815">
    <failure type="java.lang.NullPointerException">java.lang.NullPointerException
	at scripts._03_TGLocators.setPage(_03_TGLocators.java:23)
</failure>
    <system-err><![CDATA[Starting ChromeDriver 114.0.5735.90 (386bc09e8f4f2e025eddae123f36f6263096ae49-refs/branch-heads/5735@{#1052}) on port 40328
Only local connections are allowed.
Please see https://chromedriver.chromium.org/security-considerations for suggestions on keeping ChromeDriver safe.
ChromeDriver was started successfully.
Jun 21, 2023 4:55:17 PM org.openqa.selenium.remote.ProtocolHandshake createSession
INFO: Detected dialect: W3C
]]></system-err>
  </testcase>
  <testcase name="setPage" classname="scripts._03_TGLocators" time="0">
    <skipped/>
  </testcase>
  <testcase name="setPage" classname="scripts._03_TGLocators" time="0">
    <skipped/>
  </testcase>
  <testcase name="setPage" classname="scripts._03_TGLocators" time="0">
    <skipped/>
  </testcase>
  <testcase name="setPage" classname="scripts._03_TGLocators" time="0">
    <skipped/>
  </testcase>
  <testcase name="validateKiwiParagraph" classname="scripts._03_TGLocators" time="0">
    <skipped/>
  </testcase>
  <testcase name="tearDown" classname="scripts._03_TGLocators" time="0">
    <skipped/>
  </testcase>
  <testcase name="tearDown" classname="scripts._03_TGLocators" time="0">
    <skipped/>
  </testcase>
  <testcase name="tearDown" classname="scripts._03_TGLocators" time="0">
    <skipped/>
  </testcase>
  <testcase name="tearDown" classname="scripts._03_TGLocators" time="0">
    <skipped/>
  </testcase>
  <testcase name="tearDown" classname="scripts._03_TGLocators" time="0">
    <skipped/>
  </testcase>
  <testcase name="setUp" classname="scripts._03_TGLocators" time="0">
    <skipped/>
  </testcase>
  <testcase name="setUp" classname="scripts._03_TGLocators" time="0">
    <skipped/>
  </testcase>
  <testcase name="setUp" classname="scripts._03_TGLocators" time="0">
    <skipped/>
  </testcase>
  <testcase name="setUp" classname="scripts._03_TGLocators" time="0">
    <skipped/>
  </testcase>
  <testcase name="validateOrangeParagraph" classname="scripts._03_TGLocators" time="0">
    <skipped/>
  </testcase>
  <testcase name="validateTheFormSubmission" classname="scripts._13_IFrameTest" time="0.535"/>
  <testcase name="validateAppleNavigation" classname="scripts._14_MultipleWindows" time="30.289">
    <failure message="no such element: Unable to locate element: {&quot;method&quot;:&quot;css selector&quot;,&quot;selector&quot;:&quot;.globalnav-link-apple&quot;}&#10;  (Session info: chrome=114.0.5735.134)&#10;For documentation on this error, please visit: https://www.seleniumhq.org/exceptions/no_such_element.html&#10;Build info: version: &apos;3.141.59&apos;, revision: &apos;e82be7d358&apos;, time: &apos;2018-11-14T08:17:03&apos;&#10;System info: host: &apos;STP-R90Z23DY&apos;, ip: &apos;192.168.1.11&apos;, os.name: &apos;Windows 10&apos;, os.arch: &apos;amd64&apos;, os.version: &apos;10.0&apos;, java.version: &apos;1.8.0_341&apos;&#10;Driver info: org.openqa.selenium.chrome.ChromeDriver&#10;Capabilities {acceptInsecureCerts: false, browserName: chrome, browserVersion: 114.0.5735.134, chrome: {chromedriverVersion: 114.0.5735.90 (386bc09e8f4f..., userDataDir: C:\Users\STP\AppData\Local\...}, goog:chromeOptions: {debuggerAddress: localhost:64126}, javascriptEnabled: true, networkConnectionEnabled: false, pageLoadStrategy: normal, platform: WINDOWS, platformName: WINDOWS, proxy: Proxy(), setWindowRect: true, strictFileInteractability: false, timeouts: {implicit: 0, pageLoad: 300000, script: 30000}, unhandledPromptBehavior: dismiss and notify, webauthn:extension:credBlob: true, webauthn:extension:largeBlob: true, webauthn:extension:minPinLength: true, webauthn:extension:prf: true, webauthn:virtualAuthenticators: true}&#10;Session ID: e3111564edee808696f9675bf22ee7e0&#10;*** Element info: {Using=css selector, value=.globalnav-link-apple}" type="org.openqa.selenium.NoSuchElementException">org.openqa.selenium.NoSuchElementException: 
no such element: Unable to locate element: {"method":"css selector","selector":".globalnav-link-apple"}
  (Session info: chrome=114.0.5735.134)
For documentation on this error, please visit: https://www.seleniumhq.org/exceptions/no_such_element.html
Build info: version: '3.141.59', revision: 'e82be7d358', time: '2018-11-14T08:17:03'
System info: host: 'STP-R90Z23DY', ip: '192.168.1.11', os.name: 'Windows 10', os.arch: 'amd64', os.version: '10.0', java.version: '1.8.0_341'
Driver info: org.openqa.selenium.chrome.ChromeDriver
Capabilities {acceptInsecureCerts: false, browserName: chrome, browserVersion: 114.0.5735.134, chrome: {chromedriverVersion: 114.0.5735.90 (386bc09e8f4f..., userDataDir: C:\Users\STP\AppData\Local\...}, goog:chromeOptions: {debuggerAddress: localhost:64126}, javascriptEnabled: true, networkConnectionEnabled: false, pageLoadStrategy: normal, platform: WINDOWS, platformName: WINDOWS, proxy: Proxy(), setWindowRect: true, strictFileInteractability: false, timeouts: {implicit: 0, pageLoad: 300000, script: 30000}, unhandledPromptBehavior: dismiss and notify, webauthn:extension:credBlob: true, webauthn:extension:largeBlob: true, webauthn:extension:minPinLength: true, webauthn:extension:prf: true, webauthn:virtualAuthenticators: true}
Session ID: e3111564edee808696f9675bf22ee7e0
*** Element info: {Using=css selector, value=.globalnav-link-apple}
	at scripts._14_MultipleWindows.validateAppleNavigation(_14_MultipleWindows.java:46)
</failure>
    <system-out><![CDATA[----Print all the window handles----
]]></system-out>
    <system-err><![CDATA[Starting ChromeDriver 114.0.5735.90 (386bc09e8f4f2e025eddae123f36f6263096ae49-refs/branch-heads/5735@{#1052}) on port 8255
Only local connections are allowed.
Please see https://chromedriver.chromium.org/security-considerations for suggestions on keeping ChromeDriver safe.
ChromeDriver was started successfully.
Jun 21, 2023 4:55:24 PM org.openqa.selenium.remote.ProtocolHandshake createSession
INFO: Detected dialect: W3C
]]></system-err>
  </testcase>
  <testcase name="validateMicrosoftNavigation" classname="scripts._14_MultipleWindows" time="2.63"/>
  <testcase name="validateGrapesParagraph" classname="scripts._03_TGLocators" time="0">
    <skipped/>
  </testcase>
  <testcase name="validateTheTeslaNavigation" classname="scripts._14_MultipleWindows" time="3.606"/>
  <testcase name="validateTheLinkURLs" classname="scripts._14_MultipleWindows" time="21.098"/>
  <testcase name="basicFileUpload" classname="scripts._15_TGFileUpload" time="0.211"/>
  <testcase name="validateFileDownload" classname="scripts._16_TGFileDownload" time="0.094"/>
  <testcase name="validateEachCell" classname="scripts._17_TGStaticTableTest" time="0.449"/>
  <testcase name="validateFirstRow" classname="scripts._17_TGStaticTableTest" time="0.095"/>
  <testcase name="validateLastColumn" classname="scripts._17_TGStaticTableTest" time="0.092"/>
  <testcase name="validateTableHeader" classname="scripts._17_TGStaticTableTest" time="0.096"/>
  <testcase name="validateSortAscByQuantity" classname="scripts._18_TGSortableTableTest" time="30.025">
    <failure message="no such element: Unable to locate element: {&quot;method&quot;:&quot;css selector&quot;,&quot;selector&quot;:&quot;#quantity_asc&quot;}&#10;  (Session info: chrome=114.0.5735.134)&#10;For documentation on this error, please visit: https://www.seleniumhq.org/exceptions/no_such_element.html&#10;Build info: version: &apos;3.141.59&apos;, revision: &apos;e82be7d358&apos;, time: &apos;2018-11-14T08:17:03&apos;&#10;System info: host: &apos;STP-R90Z23DY&apos;, ip: &apos;192.168.1.11&apos;, os.name: &apos;Windows 10&apos;, os.arch: &apos;amd64&apos;, os.version: &apos;10.0&apos;, java.version: &apos;1.8.0_341&apos;&#10;Driver info: org.openqa.selenium.chrome.ChromeDriver&#10;Capabilities {acceptInsecureCerts: false, browserName: chrome, browserVersion: 114.0.5735.134, chrome: {chromedriverVersion: 114.0.5735.90 (386bc09e8f4f..., userDataDir: C:\Users\STP\AppData\Local\...}, goog:chromeOptions: {debuggerAddress: localhost:64528}, javascriptEnabled: true, networkConnectionEnabled: false, pageLoadStrategy: normal, platform: WINDOWS, platformName: WINDOWS, proxy: Proxy(), setWindowRect: true, strictFileInteractability: false, timeouts: {implicit: 0, pageLoad: 300000, script: 30000}, unhandledPromptBehavior: dismiss and notify, webauthn:extension:credBlob: true, webauthn:extension:largeBlob: true, webauthn:extension:minPinLength: true, webauthn:extension:prf: true, webauthn:virtualAuthenticators: true}&#10;Session ID: 15a3a90023818fdbd9eda224ba59a715&#10;*** Element info: {Using=id, value=quantity_asc}" type="org.openqa.selenium.NoSuchElementException">org.openqa.selenium.NoSuchElementException: 
no such element: Unable to locate element: {"method":"css selector","selector":"#quantity_asc"}
  (Session info: chrome=114.0.5735.134)
For documentation on this error, please visit: https://www.seleniumhq.org/exceptions/no_such_element.html
Build info: version: '3.141.59', revision: 'e82be7d358', time: '2018-11-14T08:17:03'
System info: host: 'STP-R90Z23DY', ip: '192.168.1.11', os.name: 'Windows 10', os.arch: 'amd64', os.version: '10.0', java.version: '1.8.0_341'
Driver info: org.openqa.selenium.chrome.ChromeDriver
Capabilities {acceptInsecureCerts: false, browserName: chrome, browserVersion: 114.0.5735.134, chrome: {chromedriverVersion: 114.0.5735.90 (386bc09e8f4f..., userDataDir: C:\Users\STP\AppData\Local\...}, goog:chromeOptions: {debuggerAddress: localhost:64528}, javascriptEnabled: true, networkConnectionEnabled: false, pageLoadStrategy: normal, platform: WINDOWS, platformName: WINDOWS, proxy: Proxy(), setWindowRect: true, strictFileInteractability: false, timeouts: {implicit: 0, pageLoad: 300000, script: 30000}, unhandledPromptBehavior: dismiss and notify, webauthn:extension:credBlob: true, webauthn:extension:largeBlob: true, webauthn:extension:minPinLength: true, webauthn:extension:prf: true, webauthn:virtualAuthenticators: true}
Session ID: 15a3a90023818fdbd9eda224ba59a715
*** Element info: {Using=id, value=quantity_asc}
	at scripts._18_TGSortableTableTest.validateSortAscByQuantity(_18_TGSortableTableTest.java:30)
</failure>
    <system-err><![CDATA[Starting ChromeDriver 114.0.5735.90 (386bc09e8f4f2e025eddae123f36f6263096ae49-refs/branch-heads/5735@{#1052}) on port 23398
Only local connections are allowed.
Please see https://chromedriver.chromium.org/security-considerations for suggestions on keeping ChromeDriver safe.
ChromeDriver was started successfully.
Jun 21, 2023 4:57:26 PM org.openqa.selenium.remote.ProtocolHandshake createSession
INFO: Detected dialect: W3C
]]></system-err>
  </testcase>
  <testcase name="validateRedAppleLink" classname="scripts._03_TGLocators" time="0">
    <skipped/>
  </testcase>
  <testcase name="validateAllLinks" classname="scripts._03_TGLocators" time="0">
    <skipped/>
  </testcase>
  <testcase name="validateLanguages" classname="scripts._04_TGLocators2" time="0.317"/>
  <testcase name="validateListHeaders" classname="scripts._04_TGLocators2" time="0.129"/>
  <testcase name="validateTools" classname="scripts._04_TGLocators2" time="0.215"/>
  <testcase name="validateFacebookInvalidLoginAttempt" classname="scripts._05_FacebookTest" time="5.724"/>
</testsuite>